/!\ FAILSAFE /!\  Tue Jan 22 18:38:38 +0530 2019
  Status: 500 Internal Server Error
  Plugin 'foradian' is not loaded
    /home/foradian/.rvm/gems/ruby-1.8.7-head/gems/activerecord-2.3.8/lib/active_record/connection_adapters/mysql_adapter.rb:619:in `real_connect'
    /home/foradian/.rvm/gems/ruby-1.8.7-head/gems/activerecord-2.3.8/lib/active_record/connection_adapters/mysql_adapter.rb:619:in `connect'
    /home/foradian/.rvm/gems/ruby-1.8.7-head/gems/activerecord-2.3.8/lib/active_record/connection_adapters/mysql_adapter.rb:203:in `initialize'
    /home/foradian/.rvm/gems/ruby-1.8.7-head/gems/activerecord-2.3.8/lib/active_record/connection_adapters/mysql_adapter.rb:75:in `new'
    /home/foradian/.rvm/gems/ruby-1.8.7-head/gems/activerecord-2.3.8/lib/active_record/connection_adapters/mysql_adapter.rb:75:in `mysql_connection'
    /home/foradian/.rvm/gems/ruby-1.8.7-head/gems/activerecord-2.3.8/lib/active_record/connection_adapters/abstract/connection_pool.rb:223:in `send'
    /home/foradian/.rvm/gems/ruby-1.8.7-head/gems/activerecord-2.3.8/lib/active_record/connection_adapters/abstract/connection_pool.rb:223:in `new_connection'
    /home/foradian/.rvm/gems/ruby-1.8.7-head/gems/activerecord-2.3.8/lib/active_record/connection_adapters/abstract/connection_pool.rb:245:in `checkout_new_connection'
    /home/foradian/.rvm/gems/ruby-1.8.7-head/gems/activerecord-2.3.8/lib/active_record/connection_adapters/abstract/connection_pool.rb:188:in `checkout'
    /home/foradian/.rvm/gems/ruby-1.8.7-head/gems/activerecord-2.3.8/lib/active_record/connection_adapters/abstract/connection_pool.rb:184:in `loop'
    /home/foradian/.rvm/gems/ruby-1.8.7-head/gems/activerecord-2.3.8/lib/active_record/connection_adapters/abstract/connection_pool.rb:184:in `checkout'
    /usr/share/rvm/rubies/ruby-1.8.7-head/lib/ruby/1.8/monitor.rb:242:in `synchronize'
    /home/foradian/.rvm/gems/ruby-1.8.7-head/gems/activerecord-2.3.8/lib/active_record/connection_adapters/abstract/connection_pool.rb:183:in `checkout'
    /home/foradian/.rvm/gems/ruby-1.8.7-head/gems/activerecord-2.3.8/lib/active_record/connection_adapters/abstract/connection_pool.rb:98:in `connection'
    /home/foradian/.rvm/gems/ruby-1.8.7-head/gems/activerecord-2.3.8/lib/active_record/connection_adapters/abstract/connection_pool.rb:326:in `retrieve_connection'
    /home/foradian/.rvm/gems/ruby-1.8.7-head/gems/activerecord-2.3.8/lib/active_record/connection_adapters/abstract/connection_specification.rb:123:in `retrieve_connection'
    /home/foradian/.rvm/gems/ruby-1.8.7-head/gems/activerecord-2.3.8/lib/active_record/connection_adapters/abstract/connection_specification.rb:115:in `connection'
    /home/foradian/.rvm/gems/ruby-1.8.7-head/gems/activerecord-2.3.8/lib/active_record/query_cache.rb:9:in `cache'
    /home/foradian/.rvm/gems/ruby-1.8.7-head/gems/activerecord-2.3.8/lib/active_record/query_cache.rb:28:in `call'
    /home/foradian/.rvm/gems/ruby-1.8.7-head/gems/activerecord-2.3.8/lib/active_record/connection_adapters/abstract/connection_pool.rb:361:in `call'
    /home/foradian/.rvm/gems/ruby-1.8.7-head/gems/actionpack-2.3.8/lib/action_controller/string_coercion.rb:25:in `call'
    /home/foradian/.rvm/gems/ruby-1.8.7-head/gems/rack-1.1.6/lib/rack/head.rb:9:in `call'
    /home/foradian/.rvm/gems/ruby-1.8.7-head/gems/rack-1.1.6/lib/rack/methodoverride.rb:24:in `call'
    /home/foradian/.rvm/gems/ruby-1.8.7-head/gems/actionpack-2.3.8/lib/action_controller/params_parser.rb:15:in `call'
    /home/foradian/.rvm/gems/ruby-1.8.7-head/gems/actionpack-2.3.8/lib/action_controller/session/cookie_store.rb:99:in `call'
    /home/foradian/.rvm/gems/ruby-1.8.7-head/gems/actionpack-2.3.8/lib/action_controller/failsafe.rb:26:in `call'
    /home/foradian/.rvm/gems/ruby-1.8.7-head/gems/rack-1.1.6/lib/rack/lock.rb:11:in `call'
    /home/foradian/.rvm/gems/ruby-1.8.7-head/gems/rack-1.1.6/lib/rack/lock.rb:11:in `synchronize'
    /home/foradian/.rvm/gems/ruby-1.8.7-head/gems/rack-1.1.6/lib/rack/lock.rb:11:in `call'
    /home/foradian/.rvm/gems/ruby-1.8.7-head/gems/actionpack-2.3.8/lib/action_controller/dispatcher.rb:106:in `call'
    /home/foradian/.rvm/gems/ruby-1.8.7-head/gems/rails-2.3.8/lib/rails/rack/static.rb:31:in `call'
    /home/foradian/.rvm/gems/ruby-1.8.7-head/gems/rack-1.1.6/lib/rack/urlmap.rb:47:in `call'
    /home/foradian/.rvm/gems/ruby-1.8.7-head/gems/rack-1.1.6/lib/rack/urlmap.rb:41:in `each'
    /home/foradian/.rvm/gems/ruby-1.8.7-head/gems/rack-1.1.6/lib/rack/urlmap.rb:41:in `call'
    /home/foradian/.rvm/gems/ruby-1.8.7-head/gems/rails-2.3.8/lib/rails/rack/log_tailer.rb:17:in `call'
    /home/foradian/.rvm/gems/ruby-1.8.7-head/gems/rack-1.1.6/lib/rack/content_length.rb:13:in `call'
    /home/foradian/.rvm/gems/ruby-1.8.7-head/gems/rack-1.1.6/lib/rack/handler/webrick.rb:48:in `service'
    /usr/share/rvm/rubies/ruby-1.8.7-head/lib/ruby/1.8/webrick/httpserver.rb:104:in `service'
    /usr/share/rvm/rubies/ruby-1.8.7-head/lib/ruby/1.8/webrick/httpserver.rb:65:in `run'
    /usr/share/rvm/rubies/ruby-1.8.7-head/lib/ruby/1.8/webrick/server.rb:173:in `start_thread'
    /usr/share/rvm/rubies/ruby-1.8.7-head/lib/ruby/1.8/webrick/server.rb:162:in `start'
    /usr/share/rvm/rubies/ruby-1.8.7-head/lib/ruby/1.8/webrick/server.rb:162:in `start_thread'
    /usr/share/rvm/rubies/ruby-1.8.7-head/lib/ruby/1.8/webrick/server.rb:95:in `start'
    /usr/share/rvm/rubies/ruby-1.8.7-head/lib/ruby/1.8/webrick/server.rb:92:in `each'
    /usr/share/rvm/rubies/ruby-1.8.7-head/lib/ruby/1.8/webrick/server.rb:92:in `start'
    /usr/share/rvm/rubies/ruby-1.8.7-head/lib/ruby/1.8/webrick/server.rb:23:in `start'
    /usr/share/rvm/rubies/ruby-1.8.7-head/lib/ruby/1.8/webrick/server.rb:82:in `start'
    /home/foradian/.rvm/gems/ruby-1.8.7-head/gems/rack-1.1.6/lib/rack/handler/webrick.rb:14:in `run'
    /home/foradian/.rvm/gems/ruby-1.8.7-head/gems/rails-2.3.8/lib/commands/server.rb:111
    /usr/share/rvm/rubies/ruby-1.8.7-head/lib/ruby/site_ruby/1.8/rubygems/custom_require.rb:31:in `gem_original_require'
    /usr/share/rvm/rubies/ruby-1.8.7-head/lib/ruby/site_ruby/1.8/rubygems/custom_require.rb:31:in `require'
    script/server:3
/!\ FAILSAFE /!\  Tue Jan 22 18:39:09 +0530 2019
  Status: 500 Internal Server Error
  Plugin 'foradian' is not loaded
    /home/foradian/.rvm/gems/ruby-1.8.7-head/gems/activerecord-2.3.8/lib/active_record/connection_adapters/mysql_adapter.rb:619:in `real_connect'
    /home/foradian/.rvm/gems/ruby-1.8.7-head/gems/activerecord-2.3.8/lib/active_record/connection_adapters/mysql_adapter.rb:619:in `connect'
    /home/foradian/.rvm/gems/ruby-1.8.7-head/gems/activerecord-2.3.8/lib/active_record/connection_adapters/mysql_adapter.rb:203:in `initialize'
    /home/foradian/.rvm/gems/ruby-1.8.7-head/gems/activerecord-2.3.8/lib/active_record/connection_adapters/mysql_adapter.rb:75:in `new'
    /home/foradian/.rvm/gems/ruby-1.8.7-head/gems/activerecord-2.3.8/lib/active_record/connection_adapters/mysql_adapter.rb:75:in `mysql_connection'
    /home/foradian/.rvm/gems/ruby-1.8.7-head/gems/activerecord-2.3.8/lib/active_record/connection_adapters/abstract/connection_pool.rb:223:in `send'
    /home/foradian/.rvm/gems/ruby-1.8.7-head/gems/activerecord-2.3.8/lib/active_record/connection_adapters/abstract/connection_pool.rb:223:in `new_connection'
    /home/foradian/.rvm/gems/ruby-1.8.7-head/gems/activerecord-2.3.8/lib/active_record/connection_adapters/abstract/connection_pool.rb:245:in `checkout_new_connection'
    /home/foradian/.rvm/gems/ruby-1.8.7-head/gems/activerecord-2.3.8/lib/active_record/connection_adapters/abstract/connection_pool.rb:188:in `checkout'
    /home/foradian/.rvm/gems/ruby-1.8.7-head/gems/activerecord-2.3.8/lib/active_record/connection_adapters/abstract/connection_pool.rb:184:in `loop'
    /home/foradian/.rvm/gems/ruby-1.8.7-head/gems/activerecord-2.3.8/lib/active_record/connection_adapters/abstract/connection_pool.rb:184:in `checkout'
    /usr/share/rvm/rubies/ruby-1.8.7-head/lib/ruby/1.8/monitor.rb:242:in `synchronize'
    /home/foradian/.rvm/gems/ruby-1.8.7-head/gems/activerecord-2.3.8/lib/active_record/connection_adapters/abstract/connection_pool.rb:183:in `checkout'
    /home/foradian/.rvm/gems/ruby-1.8.7-head/gems/activerecord-2.3.8/lib/active_record/connection_adapters/abstract/connection_pool.rb:98:in `connection'
    /home/foradian/.rvm/gems/ruby-1.8.7-head/gems/activerecord-2.3.8/lib/active_record/connection_adapters/abstract/connection_pool.rb:326:in `retrieve_connection'
    /home/foradian/.rvm/gems/ruby-1.8.7-head/gems/activerecord-2.3.8/lib/active_record/connection_adapters/abstract/connection_specification.rb:123:in `retrieve_connection'
    /home/foradian/.rvm/gems/ruby-1.8.7-head/gems/activerecord-2.3.8/lib/active_record/connection_adapters/abstract/connection_specification.rb:115:in `connection'
    /home/foradian/.rvm/gems/ruby-1.8.7-head/gems/activerecord-2.3.8/lib/active_record/query_cache.rb:9:in `cache'
    /home/foradian/.rvm/gems/ruby-1.8.7-head/gems/activerecord-2.3.8/lib/active_record/query_cache.rb:28:in `call'
    /home/foradian/.rvm/gems/ruby-1.8.7-head/gems/activerecord-2.3.8/lib/active_record/connection_adapters/abstract/connection_pool.rb:361:in `call'
    /home/foradian/.rvm/gems/ruby-1.8.7-head/gems/actionpack-2.3.8/lib/action_controller/string_coercion.rb:25:in `call'
    /home/foradian/.rvm/gems/ruby-1.8.7-head/gems/rack-1.1.6/lib/rack/head.rb:9:in `call'
    /home/foradian/.rvm/gems/ruby-1.8.7-head/gems/rack-1.1.6/lib/rack/methodoverride.rb:24:in `call'
    /home/foradian/.rvm/gems/ruby-1.8.7-head/gems/actionpack-2.3.8/lib/action_controller/params_parser.rb:15:in `call'
    /home/foradian/.rvm/gems/ruby-1.8.7-head/gems/actionpack-2.3.8/lib/action_controller/session/cookie_store.rb:99:in `call'
    /home/foradian/.rvm/gems/ruby-1.8.7-head/gems/actionpack-2.3.8/lib/action_controller/failsafe.rb:26:in `call'
    /home/foradian/.rvm/gems/ruby-1.8.7-head/gems/rack-1.1.6/lib/rack/lock.rb:11:in `call'
    /home/foradian/.rvm/gems/ruby-1.8.7-head/gems/rack-1.1.6/lib/rack/lock.rb:11:in `synchronize'
    /home/foradian/.rvm/gems/ruby-1.8.7-head/gems/rack-1.1.6/lib/rack/lock.rb:11:in `call'
    /home/foradian/.rvm/gems/ruby-1.8.7-head/gems/actionpack-2.3.8/lib/action_controller/dispatcher.rb:106:in `call'
    /home/foradian/.rvm/gems/ruby-1.8.7-head/gems/rails-2.3.8/lib/rails/rack/static.rb:31:in `call'
    /home/foradian/.rvm/gems/ruby-1.8.7-head/gems/rack-1.1.6/lib/rack/urlmap.rb:47:in `call'
    /home/foradian/.rvm/gems/ruby-1.8.7-head/gems/rack-1.1.6/lib/rack/urlmap.rb:41:in `each'
    /home/foradian/.rvm/gems/ruby-1.8.7-head/gems/rack-1.1.6/lib/rack/urlmap.rb:41:in `call'
    /home/foradian/.rvm/gems/ruby-1.8.7-head/gems/rails-2.3.8/lib/rails/rack/log_tailer.rb:17:in `call'
    /home/foradian/.rvm/gems/ruby-1.8.7-head/gems/rack-1.1.6/lib/rack/content_length.rb:13:in `call'
    /home/foradian/.rvm/gems/ruby-1.8.7-head/gems/rack-1.1.6/lib/rack/handler/webrick.rb:48:in `service'
    /usr/share/rvm/rubies/ruby-1.8.7-head/lib/ruby/1.8/webrick/httpserver.rb:104:in `service'
    /usr/share/rvm/rubies/ruby-1.8.7-head/lib/ruby/1.8/webrick/httpserver.rb:65:in `run'
    /usr/share/rvm/rubies/ruby-1.8.7-head/lib/ruby/1.8/webrick/server.rb:173:in `start_thread'
    /usr/share/rvm/rubies/ruby-1.8.7-head/lib/ruby/1.8/webrick/server.rb:162:in `start'
    /usr/share/rvm/rubies/ruby-1.8.7-head/lib/ruby/1.8/webrick/server.rb:162:in `start_thread'
    /usr/share/rvm/rubies/ruby-1.8.7-head/lib/ruby/1.8/webrick/server.rb:95:in `start'
    /usr/share/rvm/rubies/ruby-1.8.7-head/lib/ruby/1.8/webrick/server.rb:92:in `each'
    /usr/share/rvm/rubies/ruby-1.8.7-head/lib/ruby/1.8/webrick/server.rb:92:in `start'
    /usr/share/rvm/rubies/ruby-1.8.7-head/lib/ruby/1.8/webrick/server.rb:23:in `start'
    /usr/share/rvm/rubies/ruby-1.8.7-head/lib/ruby/1.8/webrick/server.rb:82:in `start'
    /home/foradian/.rvm/gems/ruby-1.8.7-head/gems/rack-1.1.6/lib/rack/handler/webrick.rb:14:in `run'
    /home/foradian/.rvm/gems/ruby-1.8.7-head/gems/rails-2.3.8/lib/commands/server.rb:111
    /usr/share/rvm/rubies/ruby-1.8.7-head/lib/ruby/site_ruby/1.8/rubygems/custom_require.rb:31:in `gem_original_require'
    /usr/share/rvm/rubies/ruby-1.8.7-head/lib/ruby/site_ruby/1.8/rubygems/custom_require.rb:31:in `require'
    script/server:3
/!\ FAILSAFE /!\  Tue Jan 22 18:39:10 +0530 2019
  Status: 500 Internal Server Error
  Plugin 'foradian' is not loaded
    /home/foradian/.rvm/gems/ruby-1.8.7-head/gems/activerecord-2.3.8/lib/active_record/connection_adapters/mysql_adapter.rb:619:in `real_connect'
    /home/foradian/.rvm/gems/ruby-1.8.7-head/gems/activerecord-2.3.8/lib/active_record/connection_adapters/mysql_adapter.rb:619:in `connect'
    /home/foradian/.rvm/gems/ruby-1.8.7-head/gems/activerecord-2.3.8/lib/active_record/connection_adapters/mysql_adapter.rb:203:in `initialize'
    /home/foradian/.rvm/gems/ruby-1.8.7-head/gems/activerecord-2.3.8/lib/active_record/connection_adapters/mysql_adapter.rb:75:in `new'
    /home/foradian/.rvm/gems/ruby-1.8.7-head/gems/activerecord-2.3.8/lib/active_record/connection_adapters/mysql_adapter.rb:75:in `mysql_connection'
    /home/foradian/.rvm/gems/ruby-1.8.7-head/gems/activerecord-2.3.8/lib/active_record/connection_adapters/abstract/connection_pool.rb:223:in `send'
    /home/foradian/.rvm/gems/ruby-1.8.7-head/gems/activerecord-2.3.8/lib/active_record/connection_adapters/abstract/connection_pool.rb:223:in `new_connection'
    /home/foradian/.rvm/gems/ruby-1.8.7-head/gems/activerecord-2.3.8/lib/active_record/connection_adapters/abstract/connection_pool.rb:245:in `checkout_new_connection'
    /home/foradian/.rvm/gems/ruby-1.8.7-head/gems/activerecord-2.3.8/lib/active_record/connection_adapters/abstract/connection_pool.rb:188:in `checkout'
    /home/foradian/.rvm/gems/ruby-1.8.7-head/gems/activerecord-2.3.8/lib/active_record/connection_adapters/abstract/connection_pool.rb:184:in `loop'
    /home/foradian/.rvm/gems/ruby-1.8.7-head/gems/activerecord-2.3.8/lib/active_record/connection_adapters/abstract/connection_pool.rb:184:in `checkout'
    /usr/share/rvm/rubies/ruby-1.8.7-head/lib/ruby/1.8/monitor.rb:242:in `synchronize'
    /home/foradian/.rvm/gems/ruby-1.8.7-head/gems/activerecord-2.3.8/lib/active_record/connection_adapters/abstract/connection_pool.rb:183:in `checkout'
    /home/foradian/.rvm/gems/ruby-1.8.7-head/gems/activerecord-2.3.8/lib/active_record/connection_adapters/abstract/connection_pool.rb:98:in `connection'
    /home/foradian/.rvm/gems/ruby-1.8.7-head/gems/activerecord-2.3.8/lib/active_record/connection_adapters/abstract/connection_pool.rb:326:in `retrieve_connection'
    /home/foradian/.rvm/gems/ruby-1.8.7-head/gems/activerecord-2.3.8/lib/active_record/connection_adapters/abstract/connection_specification.rb:123:in `retrieve_connection'
    /home/foradian/.rvm/gems/ruby-1.8.7-head/gems/activerecord-2.3.8/lib/active_record/connection_adapters/abstract/connection_specification.rb:115:in `connection'
    /home/foradian/.rvm/gems/ruby-1.8.7-head/gems/activerecord-2.3.8/lib/active_record/query_cache.rb:9:in `cache'
    /home/foradian/.rvm/gems/ruby-1.8.7-head/gems/activerecord-2.3.8/lib/active_record/query_cache.rb:28:in `call'
    /home/foradian/.rvm/gems/ruby-1.8.7-head/gems/activerecord-2.3.8/lib/active_record/connection_adapters/abstract/connection_pool.rb:361:in `call'
    /home/foradian/.rvm/gems/ruby-1.8.7-head/gems/actionpack-2.3.8/lib/action_controller/string_coercion.rb:25:in `call'
    /home/foradian/.rvm/gems/ruby-1.8.7-head/gems/rack-1.1.6/lib/rack/head.rb:9:in `call'
    /home/foradian/.rvm/gems/ruby-1.8.7-head/gems/rack-1.1.6/lib/rack/methodoverride.rb:24:in `call'
    /home/foradian/.rvm/gems/ruby-1.8.7-head/gems/actionpack-2.3.8/lib/action_controller/params_parser.rb:15:in `call'
    /home/foradian/.rvm/gems/ruby-1.8.7-head/gems/actionpack-2.3.8/lib/action_controller/session/cookie_store.rb:99:in `call'
    /home/foradian/.rvm/gems/ruby-1.8.7-head/gems/actionpack-2.3.8/lib/action_controller/failsafe.rb:26:in `call'
    /home/foradian/.rvm/gems/ruby-1.8.7-head/gems/rack-1.1.6/lib/rack/lock.rb:11:in `call'
    /home/foradian/.rvm/gems/ruby-1.8.7-head/gems/rack-1.1.6/lib/rack/lock.rb:11:in `synchronize'
    /home/foradian/.rvm/gems/ruby-1.8.7-head/gems/rack-1.1.6/lib/rack/lock.rb:11:in `call'
    /home/foradian/.rvm/gems/ruby-1.8.7-head/gems/actionpack-2.3.8/lib/action_controller/dispatcher.rb:106:in `call'
    /home/foradian/.rvm/gems/ruby-1.8.7-head/gems/rails-2.3.8/lib/rails/rack/static.rb:31:in `call'
    /home/foradian/.rvm/gems/ruby-1.8.7-head/gems/rack-1.1.6/lib/rack/urlmap.rb:47:in `call'
    /home/foradian/.rvm/gems/ruby-1.8.7-head/gems/rack-1.1.6/lib/rack/urlmap.rb:41:in `each'
    /home/foradian/.rvm/gems/ruby-1.8.7-head/gems/rack-1.1.6/lib/rack/urlmap.rb:41:in `call'
    /home/foradian/.rvm/gems/ruby-1.8.7-head/gems/rails-2.3.8/lib/rails/rack/log_tailer.rb:17:in `call'
    /home/foradian/.rvm/gems/ruby-1.8.7-head/gems/rack-1.1.6/lib/rack/content_length.rb:13:in `call'
    /home/foradian/.rvm/gems/ruby-1.8.7-head/gems/rack-1.1.6/lib/rack/handler/webrick.rb:48:in `service'
    /usr/share/rvm/rubies/ruby-1.8.7-head/lib/ruby/1.8/webrick/httpserver.rb:104:in `service'
    /usr/share/rvm/rubies/ruby-1.8.7-head/lib/ruby/1.8/webrick/httpserver.rb:65:in `run'
    /usr/share/rvm/rubies/ruby-1.8.7-head/lib/ruby/1.8/webrick/server.rb:173:in `start_thread'
    /usr/share/rvm/rubies/ruby-1.8.7-head/lib/ruby/1.8/webrick/server.rb:162:in `start'
    /usr/share/rvm/rubies/ruby-1.8.7-head/lib/ruby/1.8/webrick/server.rb:162:in `start_thread'
    /usr/share/rvm/rubies/ruby-1.8.7-head/lib/ruby/1.8/webrick/server.rb:95:in `start'
    /usr/share/rvm/rubies/ruby-1.8.7-head/lib/ruby/1.8/webrick/server.rb:92:in `each'
    /usr/share/rvm/rubies/ruby-1.8.7-head/lib/ruby/1.8/webrick/server.rb:92:in `start'
    /usr/share/rvm/rubies/ruby-1.8.7-head/lib/ruby/1.8/webrick/server.rb:23:in `start'
    /usr/share/rvm/rubies/ruby-1.8.7-head/lib/ruby/1.8/webrick/server.rb:82:in `start'
    /home/foradian/.rvm/gems/ruby-1.8.7-head/gems/rack-1.1.6/lib/rack/handler/webrick.rb:14:in `run'
    /home/foradian/.rvm/gems/ruby-1.8.7-head/gems/rails-2.3.8/lib/commands/server.rb:111
    /usr/share/rvm/rubies/ruby-1.8.7-head/lib/ruby/site_ruby/1.8/rubygems/custom_require.rb:31:in `gem_original_require'
    /usr/share/rvm/rubies/ruby-1.8.7-head/lib/ruby/site_ruby/1.8/rubygems/custom_require.rb:31:in `require'
    script/server:3
/!\ FAILSAFE /!\  Tue Jan 22 18:39:12 +0530 2019
  Status: 500 Internal Server Error
  Plugin 'foradian' is not loaded
    /home/foradian/.rvm/gems/ruby-1.8.7-head/gems/activerecord-2.3.8/lib/active_record/connection_adapters/mysql_adapter.rb:619:in `real_connect'
    /home/foradian/.rvm/gems/ruby-1.8.7-head/gems/activerecord-2.3.8/lib/active_record/connection_adapters/mysql_adapter.rb:619:in `connect'
    /home/foradian/.rvm/gems/ruby-1.8.7-head/gems/activerecord-2.3.8/lib/active_record/connection_adapters/mysql_adapter.rb:203:in `initialize'
    /home/foradian/.rvm/gems/ruby-1.8.7-head/gems/activerecord-2.3.8/lib/active_record/connection_adapters/mysql_adapter.rb:75:in `new'
    /home/foradian/.rvm/gems/ruby-1.8.7-head/gems/activerecord-2.3.8/lib/active_record/connection_adapters/mysql_adapter.rb:75:in `mysql_connection'
    /home/foradian/.rvm/gems/ruby-1.8.7-head/gems/activerecord-2.3.8/lib/active_record/connection_adapters/abstract/connection_pool.rb:223:in `send'
    /home/foradian/.rvm/gems/ruby-1.8.7-head/gems/activerecord-2.3.8/lib/active_record/connection_adapters/abstract/connection_pool.rb:223:in `new_connection'
    /home/foradian/.rvm/gems/ruby-1.8.7-head/gems/activerecord-2.3.8/lib/active_record/connection_adapters/abstract/connection_pool.rb:245:in `checkout_new_connection'
    /home/foradian/.rvm/gems/ruby-1.8.7-head/gems/activerecord-2.3.8/lib/active_record/connection_adapters/abstract/connection_pool.rb:188:in `checkout'
    /home/foradian/.rvm/gems/ruby-1.8.7-head/gems/activerecord-2.3.8/lib/active_record/connection_adapters/abstract/connection_pool.rb:184:in `loop'
    /home/foradian/.rvm/gems/ruby-1.8.7-head/gems/activerecord-2.3.8/lib/active_record/connection_adapters/abstract/connection_pool.rb:184:in `checkout'
    /usr/share/rvm/rubies/ruby-1.8.7-head/lib/ruby/1.8/monitor.rb:242:in `synchronize'
    /home/foradian/.rvm/gems/ruby-1.8.7-head/gems/activerecord-2.3.8/lib/active_record/connection_adapters/abstract/connection_pool.rb:183:in `checkout'
    /home/foradian/.rvm/gems/ruby-1.8.7-head/gems/activerecord-2.3.8/lib/active_record/connection_adapters/abstract/connection_pool.rb:98:in `connection'
    /home/foradian/.rvm/gems/ruby-1.8.7-head/gems/activerecord-2.3.8/lib/active_record/connection_adapters/abstract/connection_pool.rb:326:in `retrieve_connection'
    /home/foradian/.rvm/gems/ruby-1.8.7-head/gems/activerecord-2.3.8/lib/active_record/connection_adapters/abstract/connection_specification.rb:123:in `retrieve_connection'
    /home/foradian/.rvm/gems/ruby-1.8.7-head/gems/activerecord-2.3.8/lib/active_record/connection_adapters/abstract/connection_specification.rb:115:in `connection'
    /home/foradian/.rvm/gems/ruby-1.8.7-head/gems/activerecord-2.3.8/lib/active_record/query_cache.rb:9:in `cache'
    /home/foradian/.rvm/gems/ruby-1.8.7-head/gems/activerecord-2.3.8/lib/active_record/query_cache.rb:28:in `call'
    /home/foradian/.rvm/gems/ruby-1.8.7-head/gems/activerecord-2.3.8/lib/active_record/connection_adapters/abstract/connection_pool.rb:361:in `call'
    /home/foradian/.rvm/gems/ruby-1.8.7-head/gems/actionpack-2.3.8/lib/action_controller/string_coercion.rb:25:in `call'
    /home/foradian/.rvm/gems/ruby-1.8.7-head/gems/rack-1.1.6/lib/rack/head.rb:9:in `call'
    /home/foradian/.rvm/gems/ruby-1.8.7-head/gems/rack-1.1.6/lib/rack/methodoverride.rb:24:in `call'
    /home/foradian/.rvm/gems/ruby-1.8.7-head/gems/actionpack-2.3.8/lib/action_controller/params_parser.rb:15:in `call'
    /home/foradian/.rvm/gems/ruby-1.8.7-head/gems/actionpack-2.3.8/lib/action_controller/session/cookie_store.rb:99:in `call'
    /home/foradian/.rvm/gems/ruby-1.8.7-head/gems/actionpack-2.3.8/lib/action_controller/failsafe.rb:26:in `call'
    /home/foradian/.rvm/gems/ruby-1.8.7-head/gems/rack-1.1.6/lib/rack/lock.rb:11:in `call'
    /home/foradian/.rvm/gems/ruby-1.8.7-head/gems/rack-1.1.6/lib/rack/lock.rb:11:in `synchronize'
    /home/foradian/.rvm/gems/ruby-1.8.7-head/gems/rack-1.1.6/lib/rack/lock.rb:11:in `call'
    /home/foradian/.rvm/gems/ruby-1.8.7-head/gems/actionpack-2.3.8/lib/action_controller/dispatcher.rb:106:in `call'
    /home/foradian/.rvm/gems/ruby-1.8.7-head/gems/rails-2.3.8/lib/rails/rack/static.rb:31:in `call'
    /home/foradian/.rvm/gems/ruby-1.8.7-head/gems/rack-1.1.6/lib/rack/urlmap.rb:47:in `call'
    /home/foradian/.rvm/gems/ruby-1.8.7-head/gems/rack-1.1.6/lib/rack/urlmap.rb:41:in `each'
    /home/foradian/.rvm/gems/ruby-1.8.7-head/gems/rack-1.1.6/lib/rack/urlmap.rb:41:in `call'
    /home/foradian/.rvm/gems/ruby-1.8.7-head/gems/rails-2.3.8/lib/rails/rack/log_tailer.rb:17:in `call'
    /home/foradian/.rvm/gems/ruby-1.8.7-head/gems/rack-1.1.6/lib/rack/content_length.rb:13:in `call'
    /home/foradian/.rvm/gems/ruby-1.8.7-head/gems/rack-1.1.6/lib/rack/handler/webrick.rb:48:in `service'
    /usr/share/rvm/rubies/ruby-1.8.7-head/lib/ruby/1.8/webrick/httpserver.rb:104:in `service'
    /usr/share/rvm/rubies/ruby-1.8.7-head/lib/ruby/1.8/webrick/httpserver.rb:65:in `run'
    /usr/share/rvm/rubies/ruby-1.8.7-head/lib/ruby/1.8/webrick/server.rb:173:in `start_thread'
    /usr/share/rvm/rubies/ruby-1.8.7-head/lib/ruby/1.8/webrick/server.rb:162:in `start'
    /usr/share/rvm/rubies/ruby-1.8.7-head/lib/ruby/1.8/webrick/server.rb:162:in `start_thread'
    /usr/share/rvm/rubies/ruby-1.8.7-head/lib/ruby/1.8/webrick/server.rb:95:in `start'
    /usr/share/rvm/rubies/ruby-1.8.7-head/lib/ruby/1.8/webrick/server.rb:92:in `each'
    /usr/share/rvm/rubies/ruby-1.8.7-head/lib/ruby/1.8/webrick/server.rb:92:in `start'
    /usr/share/rvm/rubies/ruby-1.8.7-head/lib/ruby/1.8/webrick/server.rb:23:in `start'
    /usr/share/rvm/rubies/ruby-1.8.7-head/lib/ruby/1.8/webrick/server.rb:82:in `start'
    /home/foradian/.rvm/gems/ruby-1.8.7-head/gems/rack-1.1.6/lib/rack/handler/webrick.rb:14:in `run'
    /home/foradian/.rvm/gems/ruby-1.8.7-head/gems/rails-2.3.8/lib/commands/server.rb:111
    /usr/share/rvm/rubies/ruby-1.8.7-head/lib/ruby/site_ruby/1.8/rubygems/custom_require.rb:31:in `gem_original_require'
    /usr/share/rvm/rubies/ruby-1.8.7-head/lib/ruby/site_ruby/1.8/rubygems/custom_require.rb:31:in `require'
    script/server:3
/!\ FAILSAFE /!\  Tue Jan 22 18:39:18 +0530 2019
  Status: 500 Internal Server Error
  Plugin 'foradian' is not loaded
    /home/foradian/.rvm/gems/ruby-1.8.7-head/gems/activerecord-2.3.8/lib/active_record/connection_adapters/mysql_adapter.rb:619:in `real_connect'
    /home/foradian/.rvm/gems/ruby-1.8.7-head/gems/activerecord-2.3.8/lib/active_record/connection_adapters/mysql_adapter.rb:619:in `connect'
    /home/foradian/.rvm/gems/ruby-1.8.7-head/gems/activerecord-2.3.8/lib/active_record/connection_adapters/mysql_adapter.rb:203:in `initialize'
    /home/foradian/.rvm/gems/ruby-1.8.7-head/gems/activerecord-2.3.8/lib/active_record/connection_adapters/mysql_adapter.rb:75:in `new'
    /home/foradian/.rvm/gems/ruby-1.8.7-head/gems/activerecord-2.3.8/lib/active_record/connection_adapters/mysql_adapter.rb:75:in `mysql_connection'
    /home/foradian/.rvm/gems/ruby-1.8.7-head/gems/activerecord-2.3.8/lib/active_record/connection_adapters/abstract/connection_pool.rb:223:in `send'
    /home/foradian/.rvm/gems/ruby-1.8.7-head/gems/activerecord-2.3.8/lib/active_record/connection_adapters/abstract/connection_pool.rb:223:in `new_connection'
    /home/foradian/.rvm/gems/ruby-1.8.7-head/gems/activerecord-2.3.8/lib/active_record/connection_adapters/abstract/connection_pool.rb:245:in `checkout_new_connection'
    /home/foradian/.rvm/gems/ruby-1.8.7-head/gems/activerecord-2.3.8/lib/active_record/connection_adapters/abstract/connection_pool.rb:188:in `checkout'
    /home/foradian/.rvm/gems/ruby-1.8.7-head/gems/activerecord-2.3.8/lib/active_record/connection_adapters/abstract/connection_pool.rb:184:in `loop'
    /home/foradian/.rvm/gems/ruby-1.8.7-head/gems/activerecord-2.3.8/lib/active_record/connection_adapters/abstract/connection_pool.rb:184:in `checkout'
    /usr/share/rvm/rubies/ruby-1.8.7-head/lib/ruby/1.8/monitor.rb:242:in `synchronize'
    /home/foradian/.rvm/gems/ruby-1.8.7-head/gems/activerecord-2.3.8/lib/active_record/connection_adapters/abstract/connection_pool.rb:183:in `checkout'
    /home/foradian/.rvm/gems/ruby-1.8.7-head/gems/activerecord-2.3.8/lib/active_record/connection_adapters/abstract/connection_pool.rb:98:in `connection'
    /home/foradian/.rvm/gems/ruby-1.8.7-head/gems/activerecord-2.3.8/lib/active_record/connection_adapters/abstract/connection_pool.rb:326:in `retrieve_connection'
    /home/foradian/.rvm/gems/ruby-1.8.7-head/gems/activerecord-2.3.8/lib/active_record/connection_adapters/abstract/connection_specification.rb:123:in `retrieve_connection'
    /home/foradian/.rvm/gems/ruby-1.8.7-head/gems/activerecord-2.3.8/lib/active_record/connection_adapters/abstract/connection_specification.rb:115:in `connection'
    /home/foradian/.rvm/gems/ruby-1.8.7-head/gems/activerecord-2.3.8/lib/active_record/query_cache.rb:9:in `cache'
    /home/foradian/.rvm/gems/ruby-1.8.7-head/gems/activerecord-2.3.8/lib/active_record/query_cache.rb:28:in `call'
    /home/foradian/.rvm/gems/ruby-1.8.7-head/gems/activerecord-2.3.8/lib/active_record/connection_adapters/abstract/connection_pool.rb:361:in `call'
    /home/foradian/.rvm/gems/ruby-1.8.7-head/gems/actionpack-2.3.8/lib/action_controller/string_coercion.rb:25:in `call'
    /home/foradian/.rvm/gems/ruby-1.8.7-head/gems/rack-1.1.6/lib/rack/head.rb:9:in `call'
    /home/foradian/.rvm/gems/ruby-1.8.7-head/gems/rack-1.1.6/lib/rack/methodoverride.rb:24:in `call'
    /home/foradian/.rvm/gems/ruby-1.8.7-head/gems/actionpack-2.3.8/lib/action_controller/params_parser.rb:15:in `call'
    /home/foradian/.rvm/gems/ruby-1.8.7-head/gems/actionpack-2.3.8/lib/action_controller/session/cookie_store.rb:99:in `call'
    /home/foradian/.rvm/gems/ruby-1.8.7-head/gems/actionpack-2.3.8/lib/action_controller/failsafe.rb:26:in `call'
    /home/foradian/.rvm/gems/ruby-1.8.7-head/gems/rack-1.1.6/lib/rack/lock.rb:11:in `call'
    /home/foradian/.rvm/gems/ruby-1.8.7-head/gems/rack-1.1.6/lib/rack/lock.rb:11:in `synchronize'
    /home/foradian/.rvm/gems/ruby-1.8.7-head/gems/rack-1.1.6/lib/rack/lock.rb:11:in `call'
    /home/foradian/.rvm/gems/ruby-1.8.7-head/gems/actionpack-2.3.8/lib/action_controller/dispatcher.rb:106:in `call'
    /home/foradian/.rvm/gems/ruby-1.8.7-head/gems/rails-2.3.8/lib/rails/rack/static.rb:31:in `call'
    /home/foradian/.rvm/gems/ruby-1.8.7-head/gems/rack-1.1.6/lib/rack/urlmap.rb:47:in `call'
    /home/foradian/.rvm/gems/ruby-1.8.7-head/gems/rack-1.1.6/lib/rack/urlmap.rb:41:in `each'
    /home/foradian/.rvm/gems/ruby-1.8.7-head/gems/rack-1.1.6/lib/rack/urlmap.rb:41:in `call'
    /home/foradian/.rvm/gems/ruby-1.8.7-head/gems/rails-2.3.8/lib/rails/rack/log_tailer.rb:17:in `call'
    /home/foradian/.rvm/gems/ruby-1.8.7-head/gems/rack-1.1.6/lib/rack/content_length.rb:13:in `call'
    /home/foradian/.rvm/gems/ruby-1.8.7-head/gems/rack-1.1.6/lib/rack/handler/webrick.rb:48:in `service'
    /usr/share/rvm/rubies/ruby-1.8.7-head/lib/ruby/1.8/webrick/httpserver.rb:104:in `service'
    /usr/share/rvm/rubies/ruby-1.8.7-head/lib/ruby/1.8/webrick/httpserver.rb:65:in `run'
    /usr/share/rvm/rubies/ruby-1.8.7-head/lib/ruby/1.8/webrick/server.rb:173:in `start_thread'
    /usr/share/rvm/rubies/ruby-1.8.7-head/lib/ruby/1.8/webrick/server.rb:162:in `start'
    /usr/share/rvm/rubies/ruby-1.8.7-head/lib/ruby/1.8/webrick/server.rb:162:in `start_thread'
    /usr/share/rvm/rubies/ruby-1.8.7-head/lib/ruby/1.8/webrick/server.rb:95:in `start'
    /usr/share/rvm/rubies/ruby-1.8.7-head/lib/ruby/1.8/webrick/server.rb:92:in `each'
    /usr/share/rvm/rubies/ruby-1.8.7-head/lib/ruby/1.8/webrick/server.rb:92:in `start'
    /usr/share/rvm/rubies/ruby-1.8.7-head/lib/ruby/1.8/webrick/server.rb:23:in `start'
    /usr/share/rvm/rubies/ruby-1.8.7-head/lib/ruby/1.8/webrick/server.rb:82:in `start'
    /home/foradian/.rvm/gems/ruby-1.8.7-head/gems/rack-1.1.6/lib/rack/handler/webrick.rb:14:in `run'
    /home/foradian/.rvm/gems/ruby-1.8.7-head/gems/rails-2.3.8/lib/commands/server.rb:111
    /usr/share/rvm/rubies/ruby-1.8.7-head/lib/ruby/site_ruby/1.8/rubygems/custom_require.rb:31:in `gem_original_require'
    /usr/share/rvm/rubies/ruby-1.8.7-head/lib/ruby/site_ruby/1.8/rubygems/custom_require.rb:31:in `require'
    script/server:3
/!\ FAILSAFE /!\  Tue Jan 22 18:39:27 +0530 2019
  Status: 500 Internal Server Error
  Plugin 'foradian' is not loaded
    /home/foradian/.rvm/gems/ruby-1.8.7-head/gems/activerecord-2.3.8/lib/active_record/connection_adapters/mysql_adapter.rb:619:in `real_connect'
    /home/foradian/.rvm/gems/ruby-1.8.7-head/gems/activerecord-2.3.8/lib/active_record/connection_adapters/mysql_adapter.rb:619:in `connect'
    /home/foradian/.rvm/gems/ruby-1.8.7-head/gems/activerecord-2.3.8/lib/active_record/connection_adapters/mysql_adapter.rb:203:in `initialize'
    /home/foradian/.rvm/gems/ruby-1.8.7-head/gems/activerecord-2.3.8/lib/active_record/connection_adapters/mysql_adapter.rb:75:in `new'
    /home/foradian/.rvm/gems/ruby-1.8.7-head/gems/activerecord-2.3.8/lib/active_record/connection_adapters/mysql_adapter.rb:75:in `mysql_connection'
    /home/foradian/.rvm/gems/ruby-1.8.7-head/gems/activerecord-2.3.8/lib/active_record/connection_adapters/abstract/connection_pool.rb:223:in `send'
    /home/foradian/.rvm/gems/ruby-1.8.7-head/gems/activerecord-2.3.8/lib/active_record/connection_adapters/abstract/connection_pool.rb:223:in `new_connection'
    /home/foradian/.rvm/gems/ruby-1.8.7-head/gems/activerecord-2.3.8/lib/active_record/connection_adapters/abstract/connection_pool.rb:245:in `checkout_new_connection'
    /home/foradian/.rvm/gems/ruby-1.8.7-head/gems/activerecord-2.3.8/lib/active_record/connection_adapters/abstract/connection_pool.rb:188:in `checkout'
    /home/foradian/.rvm/gems/ruby-1.8.7-head/gems/activerecord-2.3.8/lib/active_record/connection_adapters/abstract/connection_pool.rb:184:in `loop'
    /home/foradian/.rvm/gems/ruby-1.8.7-head/gems/activerecord-2.3.8/lib/active_record/connection_adapters/abstract/connection_pool.rb:184:in `checkout'
    /usr/share/rvm/rubies/ruby-1.8.7-head/lib/ruby/1.8/monitor.rb:242:in `synchronize'
    /home/foradian/.rvm/gems/ruby-1.8.7-head/gems/activerecord-2.3.8/lib/active_record/connection_adapters/abstract/connection_pool.rb:183:in `checkout'
    /home/foradian/.rvm/gems/ruby-1.8.7-head/gems/activerecord-2.3.8/lib/active_record/connection_adapters/abstract/connection_pool.rb:98:in `connection'
    /home/foradian/.rvm/gems/ruby-1.8.7-head/gems/activerecord-2.3.8/lib/active_record/connection_adapters/abstract/connection_pool.rb:326:in `retrieve_connection'
    /home/foradian/.rvm/gems/ruby-1.8.7-head/gems/activerecord-2.3.8/lib/active_record/connection_adapters/abstract/connection_specification.rb:123:in `retrieve_connection'
    /home/foradian/.rvm/gems/ruby-1.8.7-head/gems/activerecord-2.3.8/lib/active_record/connection_adapters/abstract/connection_specification.rb:115:in `connection'
    /home/foradian/.rvm/gems/ruby-1.8.7-head/gems/activerecord-2.3.8/lib/active_record/query_cache.rb:9:in `cache'
    /home/foradian/.rvm/gems/ruby-1.8.7-head/gems/activerecord-2.3.8/lib/active_record/query_cache.rb:28:in `call'
    /home/foradian/.rvm/gems/ruby-1.8.7-head/gems/activerecord-2.3.8/lib/active_record/connection_adapters/abstract/connection_pool.rb:361:in `call'
    /home/foradian/.rvm/gems/ruby-1.8.7-head/gems/actionpack-2.3.8/lib/action_controller/string_coercion.rb:25:in `call'
    /home/foradian/.rvm/gems/ruby-1.8.7-head/gems/rack-1.1.6/lib/rack/head.rb:9:in `call'
    /home/foradian/.rvm/gems/ruby-1.8.7-head/gems/rack-1.1.6/lib/rack/methodoverride.rb:24:in `call'
    /home/foradian/.rvm/gems/ruby-1.8.7-head/gems/actionpack-2.3.8/lib/action_controller/params_parser.rb:15:in `call'
    /home/foradian/.rvm/gems/ruby-1.8.7-head/gems/actionpack-2.3.8/lib/action_controller/session/cookie_store.rb:99:in `call'
    /home/foradian/.rvm/gems/ruby-1.8.7-head/gems/actionpack-2.3.8/lib/action_controller/failsafe.rb:26:in `call'
    /home/foradian/.rvm/gems/ruby-1.8.7-head/gems/rack-1.1.6/lib/rack/lock.rb:11:in `call'
    /home/foradian/.rvm/gems/ruby-1.8.7-head/gems/rack-1.1.6/lib/rack/lock.rb:11:in `synchronize'
    /home/foradian/.rvm/gems/ruby-1.8.7-head/gems/rack-1.1.6/lib/rack/lock.rb:11:in `call'
    /home/foradian/.rvm/gems/ruby-1.8.7-head/gems/actionpack-2.3.8/lib/action_controller/dispatcher.rb:106:in `call'
    /home/foradian/.rvm/gems/ruby-1.8.7-head/gems/rails-2.3.8/lib/rails/rack/static.rb:31:in `call'
    /home/foradian/.rvm/gems/ruby-1.8.7-head/gems/rack-1.1.6/lib/rack/urlmap.rb:47:in `call'
    /home/foradian/.rvm/gems/ruby-1.8.7-head/gems/rack-1.1.6/lib/rack/urlmap.rb:41:in `each'
    /home/foradian/.rvm/gems/ruby-1.8.7-head/gems/rack-1.1.6/lib/rack/urlmap.rb:41:in `call'
    /home/foradian/.rvm/gems/ruby-1.8.7-head/gems/rails-2.3.8/lib/rails/rack/log_tailer.rb:17:in `call'
    /home/foradian/.rvm/gems/ruby-1.8.7-head/gems/rack-1.1.6/lib/rack/content_length.rb:13:in `call'
    /home/foradian/.rvm/gems/ruby-1.8.7-head/gems/rack-1.1.6/lib/rack/handler/webrick.rb:48:in `service'
    /usr/share/rvm/rubies/ruby-1.8.7-head/lib/ruby/1.8/webrick/httpserver.rb:104:in `service'
    /usr/share/rvm/rubies/ruby-1.8.7-head/lib/ruby/1.8/webrick/httpserver.rb:65:in `run'
    /usr/share/rvm/rubies/ruby-1.8.7-head/lib/ruby/1.8/webrick/server.rb:173:in `start_thread'
    /usr/share/rvm/rubies/ruby-1.8.7-head/lib/ruby/1.8/webrick/server.rb:162:in `start'
    /usr/share/rvm/rubies/ruby-1.8.7-head/lib/ruby/1.8/webrick/server.rb:162:in `start_thread'
    /usr/share/rvm/rubies/ruby-1.8.7-head/lib/ruby/1.8/webrick/server.rb:95:in `start'
    /usr/share/rvm/rubies/ruby-1.8.7-head/lib/ruby/1.8/webrick/server.rb:92:in `each'
    /usr/share/rvm/rubies/ruby-1.8.7-head/lib/ruby/1.8/webrick/server.rb:92:in `start'
    /usr/share/rvm/rubies/ruby-1.8.7-head/lib/ruby/1.8/webrick/server.rb:23:in `start'
    /usr/share/rvm/rubies/ruby-1.8.7-head/lib/ruby/1.8/webrick/server.rb:82:in `start'
    /home/foradian/.rvm/gems/ruby-1.8.7-head/gems/rack-1.1.6/lib/rack/handler/webrick.rb:14:in `run'
    /home/foradian/.rvm/gems/ruby-1.8.7-head/gems/rails-2.3.8/lib/commands/server.rb:111
    /usr/share/rvm/rubies/ruby-1.8.7-head/lib/ruby/site_ruby/1.8/rubygems/custom_require.rb:31:in `gem_original_require'
    /usr/share/rvm/rubies/ruby-1.8.7-head/lib/ruby/site_ruby/1.8/rubygems/custom_require.rb:31:in `require'
    script/server:3
/!\ FAILSAFE /!\  Tue Jan 22 18:39:56 +0530 2019
  Status: 500 Internal Server Error
  Plugin 'foradian' is not loaded
    /home/foradian/.rvm/gems/ruby-1.8.7-head/gems/activerecord-2.3.8/lib/active_record/connection_adapters/mysql_adapter.rb:619:in `real_connect'
    /home/foradian/.rvm/gems/ruby-1.8.7-head/gems/activerecord-2.3.8/lib/active_record/connection_adapters/mysql_adapter.rb:619:in `connect'
    /home/foradian/.rvm/gems/ruby-1.8.7-head/gems/activerecord-2.3.8/lib/active_record/connection_adapters/mysql_adapter.rb:203:in `initialize'
    /home/foradian/.rvm/gems/ruby-1.8.7-head/gems/activerecord-2.3.8/lib/active_record/connection_adapters/mysql_adapter.rb:75:in `new'
    /home/foradian/.rvm/gems/ruby-1.8.7-head/gems/activerecord-2.3.8/lib/active_record/connection_adapters/mysql_adapter.rb:75:in `mysql_connection'
    /home/foradian/.rvm/gems/ruby-1.8.7-head/gems/activerecord-2.3.8/lib/active_record/connection_adapters/abstract/connection_pool.rb:223:in `send'
    /home/foradian/.rvm/gems/ruby-1.8.7-head/gems/activerecord-2.3.8/lib/active_record/connection_adapters/abstract/connection_pool.rb:223:in `new_connection'
    /home/foradian/.rvm/gems/ruby-1.8.7-head/gems/activerecord-2.3.8/lib/active_record/connection_adapters/abstract/connection_pool.rb:245:in `checkout_new_connection'
    /home/foradian/.rvm/gems/ruby-1.8.7-head/gems/activerecord-2.3.8/lib/active_record/connection_adapters/abstract/connection_pool.rb:188:in `checkout'
    /home/foradian/.rvm/gems/ruby-1.8.7-head/gems/activerecord-2.3.8/lib/active_record/connection_adapters/abstract/connection_pool.rb:184:in `loop'
    /home/foradian/.rvm/gems/ruby-1.8.7-head/gems/activerecord-2.3.8/lib/active_record/connection_adapters/abstract/connection_pool.rb:184:in `checkout'
    /usr/share/rvm/rubies/ruby-1.8.7-head/lib/ruby/1.8/monitor.rb:242:in `synchronize'
    /home/foradian/.rvm/gems/ruby-1.8.7-head/gems/activerecord-2.3.8/lib/active_record/connection_adapters/abstract/connection_pool.rb:183:in `checkout'
    /home/foradian/.rvm/gems/ruby-1.8.7-head/gems/activerecord-2.3.8/lib/active_record/connection_adapters/abstract/connection_pool.rb:98:in `connection'
    /home/foradian/.rvm/gems/ruby-1.8.7-head/gems/activerecord-2.3.8/lib/active_record/connection_adapters/abstract/connection_pool.rb:326:in `retrieve_connection'
    /home/foradian/.rvm/gems/ruby-1.8.7-head/gems/activerecord-2.3.8/lib/active_record/connection_adapters/abstract/connection_specification.rb:123:in `retrieve_connection'
    /home/foradian/.rvm/gems/ruby-1.8.7-head/gems/activerecord-2.3.8/lib/active_record/connection_adapters/abstract/connection_specification.rb:115:in `connection'
    /home/foradian/.rvm/gems/ruby-1.8.7-head/gems/activerecord-2.3.8/lib/active_record/query_cache.rb:9:in `cache'
    /home/foradian/.rvm/gems/ruby-1.8.7-head/gems/activerecord-2.3.8/lib/active_record/query_cache.rb:28:in `call'
    /home/foradian/.rvm/gems/ruby-1.8.7-head/gems/activerecord-2.3.8/lib/active_record/connection_adapters/abstract/connection_pool.rb:361:in `call'
    /home/foradian/.rvm/gems/ruby-1.8.7-head/gems/actionpack-2.3.8/lib/action_controller/string_coercion.rb:25:in `call'
    /home/foradian/.rvm/gems/ruby-1.8.7-head/gems/rack-1.1.6/lib/rack/head.rb:9:in `call'
    /home/foradian/.rvm/gems/ruby-1.8.7-head/gems/rack-1.1.6/lib/rack/methodoverride.rb:24:in `call'
    /home/foradian/.rvm/gems/ruby-1.8.7-head/gems/actionpack-2.3.8/lib/action_controller/params_parser.rb:15:in `call'
    /home/foradian/.rvm/gems/ruby-1.8.7-head/gems/actionpack-2.3.8/lib/action_controller/session/cookie_store.rb:99:in `call'
    /home/foradian/.rvm/gems/ruby-1.8.7-head/gems/actionpack-2.3.8/lib/action_controller/failsafe.rb:26:in `call'
    /home/foradian/.rvm/gems/ruby-1.8.7-head/gems/rack-1.1.6/lib/rack/lock.rb:11:in `call'
    /home/foradian/.rvm/gems/ruby-1.8.7-head/gems/rack-1.1.6/lib/rack/lock.rb:11:in `synchronize'
    /home/foradian/.rvm/gems/ruby-1.8.7-head/gems/rack-1.1.6/lib/rack/lock.rb:11:in `call'
    /home/foradian/.rvm/gems/ruby-1.8.7-head/gems/actionpack-2.3.8/lib/action_controller/dispatcher.rb:106:in `call'
    /home/foradian/.rvm/gems/ruby-1.8.7-head/gems/rails-2.3.8/lib/rails/rack/static.rb:31:in `call'
    /home/foradian/.rvm/gems/ruby-1.8.7-head/gems/rack-1.1.6/lib/rack/urlmap.rb:47:in `call'
    /home/foradian/.rvm/gems/ruby-1.8.7-head/gems/rack-1.1.6/lib/rack/urlmap.rb:41:in `each'
    /home/foradian/.rvm/gems/ruby-1.8.7-head/gems/rack-1.1.6/lib/rack/urlmap.rb:41:in `call'
    /home/foradian/.rvm/gems/ruby-1.8.7-head/gems/rails-2.3.8/lib/rails/rack/log_tailer.rb:17:in `call'
    /home/foradian/.rvm/gems/ruby-1.8.7-head/gems/rack-1.1.6/lib/rack/content_length.rb:13:in `call'
    /home/foradian/.rvm/gems/ruby-1.8.7-head/gems/rack-1.1.6/lib/rack/handler/webrick.rb:48:in `service'
    /usr/share/rvm/rubies/ruby-1.8.7-head/lib/ruby/1.8/webrick/httpserver.rb:104:in `service'
    /usr/share/rvm/rubies/ruby-1.8.7-head/lib/ruby/1.8/webrick/httpserver.rb:65:in `run'
    /usr/share/rvm/rubies/ruby-1.8.7-head/lib/ruby/1.8/webrick/server.rb:173:in `start_thread'
    /usr/share/rvm/rubies/ruby-1.8.7-head/lib/ruby/1.8/webrick/server.rb:162:in `start'
    /usr/share/rvm/rubies/ruby-1.8.7-head/lib/ruby/1.8/webrick/server.rb:162:in `start_thread'
    /usr/share/rvm/rubies/ruby-1.8.7-head/lib/ruby/1.8/webrick/server.rb:95:in `start'
    /usr/share/rvm/rubies/ruby-1.8.7-head/lib/ruby/1.8/webrick/server.rb:92:in `each'
    /usr/share/rvm/rubies/ruby-1.8.7-head/lib/ruby/1.8/webrick/server.rb:92:in `start'
    /usr/share/rvm/rubies/ruby-1.8.7-head/lib/ruby/1.8/webrick/server.rb:23:in `start'
    /usr/share/rvm/rubies/ruby-1.8.7-head/lib/ruby/1.8/webrick/server.rb:82:in `start'
    /home/foradian/.rvm/gems/ruby-1.8.7-head/gems/rack-1.1.6/lib/rack/handler/webrick.rb:14:in `run'
    /home/foradian/.rvm/gems/ruby-1.8.7-head/gems/rails-2.3.8/lib/commands/server.rb:111
    /usr/share/rvm/rubies/ruby-1.8.7-head/lib/ruby/site_ruby/1.8/rubygems/custom_require.rb:31:in `gem_original_require'
    /usr/share/rvm/rubies/ruby-1.8.7-head/lib/ruby/site_ruby/1.8/rubygems/custom_require.rb:31:in `require'
    script/server:3
/!\ FAILSAFE /!\  Tue Jan 22 18:39:57 +0530 2019
  Status: 500 Internal Server Error
  Plugin 'foradian' is not loaded
    /home/foradian/.rvm/gems/ruby-1.8.7-head/gems/activerecord-2.3.8/lib/active_record/connection_adapters/mysql_adapter.rb:619:in `real_connect'
    /home/foradian/.rvm/gems/ruby-1.8.7-head/gems/activerecord-2.3.8/lib/active_record/connection_adapters/mysql_adapter.rb:619:in `connect'
    /home/foradian/.rvm/gems/ruby-1.8.7-head/gems/activerecord-2.3.8/lib/active_record/connection_adapters/mysql_adapter.rb:203:in `initialize'
    /home/foradian/.rvm/gems/ruby-1.8.7-head/gems/activerecord-2.3.8/lib/active_record/connection_adapters/mysql_adapter.rb:75:in `new'
    /home/foradian/.rvm/gems/ruby-1.8.7-head/gems/activerecord-2.3.8/lib/active_record/connection_adapters/mysql_adapter.rb:75:in `mysql_connection'
    /home/foradian/.rvm/gems/ruby-1.8.7-head/gems/activerecord-2.3.8/lib/active_record/connection_adapters/abstract/connection_pool.rb:223:in `send'
    /home/foradian/.rvm/gems/ruby-1.8.7-head/gems/activerecord-2.3.8/lib/active_record/connection_adapters/abstract/connection_pool.rb:223:in `new_connection'
    /home/foradian/.rvm/gems/ruby-1.8.7-head/gems/activerecord-2.3.8/lib/active_record/connection_adapters/abstract/connection_pool.rb:245:in `checkout_new_connection'
    /home/foradian/.rvm/gems/ruby-1.8.7-head/gems/activerecord-2.3.8/lib/active_record/connection_adapters/abstract/connection_pool.rb:188:in `checkout'
    /home/foradian/.rvm/gems/ruby-1.8.7-head/gems/activerecord-2.3.8/lib/active_record/connection_adapters/abstract/connection_pool.rb:184:in `loop'
    /home/foradian/.rvm/gems/ruby-1.8.7-head/gems/activerecord-2.3.8/lib/active_record/connection_adapters/abstract/connection_pool.rb:184:in `checkout'
    /usr/share/rvm/rubies/ruby-1.8.7-head/lib/ruby/1.8/monitor.rb:242:in `synchronize'
    /home/foradian/.rvm/gems/ruby-1.8.7-head/gems/activerecord-2.3.8/lib/active_record/connection_adapters/abstract/connection_pool.rb:183:in `checkout'
    /home/foradian/.rvm/gems/ruby-1.8.7-head/gems/activerecord-2.3.8/lib/active_record/connection_adapters/abstract/connection_pool.rb:98:in `connection'
    /home/foradian/.rvm/gems/ruby-1.8.7-head/gems/activerecord-2.3.8/lib/active_record/connection_adapters/abstract/connection_pool.rb:326:in `retrieve_connection'
    /home/foradian/.rvm/gems/ruby-1.8.7-head/gems/activerecord-2.3.8/lib/active_record/connection_adapters/abstract/connection_specification.rb:123:in `retrieve_connection'
    /home/foradian/.rvm/gems/ruby-1.8.7-head/gems/activerecord-2.3.8/lib/active_record/connection_adapters/abstract/connection_specification.rb:115:in `connection'
    /home/foradian/.rvm/gems/ruby-1.8.7-head/gems/activerecord-2.3.8/lib/active_record/query_cache.rb:9:in `cache'
    /home/foradian/.rvm/gems/ruby-1.8.7-head/gems/activerecord-2.3.8/lib/active_record/query_cache.rb:28:in `call'
    /home/foradian/.rvm/gems/ruby-1.8.7-head/gems/activerecord-2.3.8/lib/active_record/connection_adapters/abstract/connection_pool.rb:361:in `call'
    /home/foradian/.rvm/gems/ruby-1.8.7-head/gems/actionpack-2.3.8/lib/action_controller/string_coercion.rb:25:in `call'
    /home/foradian/.rvm/gems/ruby-1.8.7-head/gems/rack-1.1.6/lib/rack/head.rb:9:in `call'
    /home/foradian/.rvm/gems/ruby-1.8.7-head/gems/rack-1.1.6/lib/rack/methodoverride.rb:24:in `call'
    /home/foradian/.rvm/gems/ruby-1.8.7-head/gems/actionpack-2.3.8/lib/action_controller/params_parser.rb:15:in `call'
    /home/foradian/.rvm/gems/ruby-1.8.7-head/gems/actionpack-2.3.8/lib/action_controller/session/cookie_store.rb:99:in `call'
    /home/foradian/.rvm/gems/ruby-1.8.7-head/gems/actionpack-2.3.8/lib/action_controller/failsafe.rb:26:in `call'
    /home/foradian/.rvm/gems/ruby-1.8.7-head/gems/rack-1.1.6/lib/rack/lock.rb:11:in `call'
    /home/foradian/.rvm/gems/ruby-1.8.7-head/gems/rack-1.1.6/lib/rack/lock.rb:11:in `synchronize'
    /home/foradian/.rvm/gems/ruby-1.8.7-head/gems/rack-1.1.6/lib/rack/lock.rb:11:in `call'
    /home/foradian/.rvm/gems/ruby-1.8.7-head/gems/actionpack-2.3.8/lib/action_controller/dispatcher.rb:106:in `call'
    /home/foradian/.rvm/gems/ruby-1.8.7-head/gems/rails-2.3.8/lib/rails/rack/static.rb:31:in `call'
    /home/foradian/.rvm/gems/ruby-1.8.7-head/gems/rack-1.1.6/lib/rack/urlmap.rb:47:in `call'
    /home/foradian/.rvm/gems/ruby-1.8.7-head/gems/rack-1.1.6/lib/rack/urlmap.rb:41:in `each'
    /home/foradian/.rvm/gems/ruby-1.8.7-head/gems/rack-1.1.6/lib/rack/urlmap.rb:41:in `call'
    /home/foradian/.rvm/gems/ruby-1.8.7-head/gems/rails-2.3.8/lib/rails/rack/log_tailer.rb:17:in `call'
    /home/foradian/.rvm/gems/ruby-1.8.7-head/gems/rack-1.1.6/lib/rack/content_length.rb:13:in `call'
    /home/foradian/.rvm/gems/ruby-1.8.7-head/gems/rack-1.1.6/lib/rack/handler/webrick.rb:48:in `service'
    /usr/share/rvm/rubies/ruby-1.8.7-head/lib/ruby/1.8/webrick/httpserver.rb:104:in `service'
    /usr/share/rvm/rubies/ruby-1.8.7-head/lib/ruby/1.8/webrick/httpserver.rb:65:in `run'
    /usr/share/rvm/rubies/ruby-1.8.7-head/lib/ruby/1.8/webrick/server.rb:173:in `start_thread'
    /usr/share/rvm/rubies/ruby-1.8.7-head/lib/ruby/1.8/webrick/server.rb:162:in `start'
    /usr/share/rvm/rubies/ruby-1.8.7-head/lib/ruby/1.8/webrick/server.rb:162:in `start_thread'
    /usr/share/rvm/rubies/ruby-1.8.7-head/lib/ruby/1.8/webrick/server.rb:95:in `start'
    /usr/share/rvm/rubies/ruby-1.8.7-head/lib/ruby/1.8/webrick/server.rb:92:in `each'
    /usr/share/rvm/rubies/ruby-1.8.7-head/lib/ruby/1.8/webrick/server.rb:92:in `start'
    /usr/share/rvm/rubies/ruby-1.8.7-head/lib/ruby/1.8/webrick/server.rb:23:in `start'
    /usr/share/rvm/rubies/ruby-1.8.7-head/lib/ruby/1.8/webrick/server.rb:82:in `start'
    /home/foradian/.rvm/gems/ruby-1.8.7-head/gems/rack-1.1.6/lib/rack/handler/webrick.rb:14:in `run'
    /home/foradian/.rvm/gems/ruby-1.8.7-head/gems/rails-2.3.8/lib/commands/server.rb:111
    /usr/share/rvm/rubies/ruby-1.8.7-head/lib/ruby/site_ruby/1.8/rubygems/custom_require.rb:31:in `gem_original_require'
    /usr/share/rvm/rubies/ruby-1.8.7-head/lib/ruby/site_ruby/1.8/rubygems/custom_require.rb:31:in `require'
    script/server:3
/!\ FAILSAFE /!\  Tue Jan 22 18:39:57 +0530 2019
  Status: 500 Internal Server Error
  Plugin 'foradian' is not loaded
    /home/foradian/.rvm/gems/ruby-1.8.7-head/gems/activerecord-2.3.8/lib/active_record/connection_adapters/mysql_adapter.rb:619:in `real_connect'
    /home/foradian/.rvm/gems/ruby-1.8.7-head/gems/activerecord-2.3.8/lib/active_record/connection_adapters/mysql_adapter.rb:619:in `connect'
    /home/foradian/.rvm/gems/ruby-1.8.7-head/gems/activerecord-2.3.8/lib/active_record/connection_adapters/mysql_adapter.rb:203:in `initialize'
    /home/foradian/.rvm/gems/ruby-1.8.7-head/gems/activerecord-2.3.8/lib/active_record/connection_adapters/mysql_adapter.rb:75:in `new'
    /home/foradian/.rvm/gems/ruby-1.8.7-head/gems/activerecord-2.3.8/lib/active_record/connection_adapters/mysql_adapter.rb:75:in `mysql_connection'
    /home/foradian/.rvm/gems/ruby-1.8.7-head/gems/activerecord-2.3.8/lib/active_record/connection_adapters/abstract/connection_pool.rb:223:in `send'
    /home/foradian/.rvm/gems/ruby-1.8.7-head/gems/activerecord-2.3.8/lib/active_record/connection_adapters/abstract/connection_pool.rb:223:in `new_connection'
    /home/foradian/.rvm/gems/ruby-1.8.7-head/gems/activerecord-2.3.8/lib/active_record/connection_adapters/abstract/connection_pool.rb:245:in `checkout_new_connection'
    /home/foradian/.rvm/gems/ruby-1.8.7-head/gems/activerecord-2.3.8/lib/active_record/connection_adapters/abstract/connection_pool.rb:188:in `checkout'
    /home/foradian/.rvm/gems/ruby-1.8.7-head/gems/activerecord-2.3.8/lib/active_record/connection_adapters/abstract/connection_pool.rb:184:in `loop'
    /home/foradian/.rvm/gems/ruby-1.8.7-head/gems/activerecord-2.3.8/lib/active_record/connection_adapters/abstract/connection_pool.rb:184:in `checkout'
    /usr/share/rvm/rubies/ruby-1.8.7-head/lib/ruby/1.8/monitor.rb:242:in `synchronize'
    /home/foradian/.rvm/gems/ruby-1.8.7-head/gems/activerecord-2.3.8/lib/active_record/connection_adapters/abstract/connection_pool.rb:183:in `checkout'
    /home/foradian/.rvm/gems/ruby-1.8.7-head/gems/activerecord-2.3.8/lib/active_record/connection_adapters/abstract/connection_pool.rb:98:in `connection'
    /home/foradian/.rvm/gems/ruby-1.8.7-head/gems/activerecord-2.3.8/lib/active_record/connection_adapters/abstract/connection_pool.rb:326:in `retrieve_connection'
    /home/foradian/.rvm/gems/ruby-1.8.7-head/gems/activerecord-2.3.8/lib/active_record/connection_adapters/abstract/connection_specification.rb:123:in `retrieve_connection'
    /home/foradian/.rvm/gems/ruby-1.8.7-head/gems/activerecord-2.3.8/lib/active_record/connection_adapters/abstract/connection_specification.rb:115:in `connection'
    /home/foradian/.rvm/gems/ruby-1.8.7-head/gems/activerecord-2.3.8/lib/active_record/query_cache.rb:9:in `cache'
    /home/foradian/.rvm/gems/ruby-1.8.7-head/gems/activerecord-2.3.8/lib/active_record/query_cache.rb:28:in `call'
    /home/foradian/.rvm/gems/ruby-1.8.7-head/gems/activerecord-2.3.8/lib/active_record/connection_adapters/abstract/connection_pool.rb:361:in `call'
    /home/foradian/.rvm/gems/ruby-1.8.7-head/gems/actionpack-2.3.8/lib/action_controller/string_coercion.rb:25:in `call'
    /home/foradian/.rvm/gems/ruby-1.8.7-head/gems/rack-1.1.6/lib/rack/head.rb:9:in `call'
    /home/foradian/.rvm/gems/ruby-1.8.7-head/gems/rack-1.1.6/lib/rack/methodoverride.rb:24:in `call'
    /home/foradian/.rvm/gems/ruby-1.8.7-head/gems/actionpack-2.3.8/lib/action_controller/params_parser.rb:15:in `call'
    /home/foradian/.rvm/gems/ruby-1.8.7-head/gems/actionpack-2.3.8/lib/action_controller/session/cookie_store.rb:99:in `call'
    /home/foradian/.rvm/gems/ruby-1.8.7-head/gems/actionpack-2.3.8/lib/action_controller/failsafe.rb:26:in `call'
    /home/foradian/.rvm/gems/ruby-1.8.7-head/gems/rack-1.1.6/lib/rack/lock.rb:11:in `call'
    /home/foradian/.rvm/gems/ruby-1.8.7-head/gems/rack-1.1.6/lib/rack/lock.rb:11:in `synchronize'
    /home/foradian/.rvm/gems/ruby-1.8.7-head/gems/rack-1.1.6/lib/rack/lock.rb:11:in `call'
    /home/foradian/.rvm/gems/ruby-1.8.7-head/gems/actionpack-2.3.8/lib/action_controller/dispatcher.rb:106:in `call'
    /home/foradian/.rvm/gems/ruby-1.8.7-head/gems/rails-2.3.8/lib/rails/rack/static.rb:31:in `call'
    /home/foradian/.rvm/gems/ruby-1.8.7-head/gems/rack-1.1.6/lib/rack/urlmap.rb:47:in `call'
    /home/foradian/.rvm/gems/ruby-1.8.7-head/gems/rack-1.1.6/lib/rack/urlmap.rb:41:in `each'
    /home/foradian/.rvm/gems/ruby-1.8.7-head/gems/rack-1.1.6/lib/rack/urlmap.rb:41:in `call'
    /home/foradian/.rvm/gems/ruby-1.8.7-head/gems/rails-2.3.8/lib/rails/rack/log_tailer.rb:17:in `call'
    /home/foradian/.rvm/gems/ruby-1.8.7-head/gems/rack-1.1.6/lib/rack/content_length.rb:13:in `call'
    /home/foradian/.rvm/gems/ruby-1.8.7-head/gems/rack-1.1.6/lib/rack/handler/webrick.rb:48:in `service'
    /usr/share/rvm/rubies/ruby-1.8.7-head/lib/ruby/1.8/webrick/httpserver.rb:104:in `service'
    /usr/share/rvm/rubies/ruby-1.8.7-head/lib/ruby/1.8/webrick/httpserver.rb:65:in `run'
    /usr/share/rvm/rubies/ruby-1.8.7-head/lib/ruby/1.8/webrick/server.rb:173:in `start_thread'
    /usr/share/rvm/rubies/ruby-1.8.7-head/lib/ruby/1.8/webrick/server.rb:162:in `start'
    /usr/share/rvm/rubies/ruby-1.8.7-head/lib/ruby/1.8/webrick/server.rb:162:in `start_thread'
    /usr/share/rvm/rubies/ruby-1.8.7-head/lib/ruby/1.8/webrick/server.rb:95:in `start'
    /usr/share/rvm/rubies/ruby-1.8.7-head/lib/ruby/1.8/webrick/server.rb:92:in `each'
    /usr/share/rvm/rubies/ruby-1.8.7-head/lib/ruby/1.8/webrick/server.rb:92:in `start'
    /usr/share/rvm/rubies/ruby-1.8.7-head/lib/ruby/1.8/webrick/server.rb:23:in `start'
    /usr/share/rvm/rubies/ruby-1.8.7-head/lib/ruby/1.8/webrick/server.rb:82:in `start'
    /home/foradian/.rvm/gems/ruby-1.8.7-head/gems/rack-1.1.6/lib/rack/handler/webrick.rb:14:in `run'
    /home/foradian/.rvm/gems/ruby-1.8.7-head/gems/rails-2.3.8/lib/commands/server.rb:111
    /usr/share/rvm/rubies/ruby-1.8.7-head/lib/ruby/site_ruby/1.8/rubygems/custom_require.rb:31:in `gem_original_require'
    /usr/share/rvm/rubies/ruby-1.8.7-head/lib/ruby/site_ruby/1.8/rubygems/custom_require.rb:31:in `require'
    script/server:3
/!\ FAILSAFE /!\  Tue Jan 22 18:39:57 +0530 2019
  Status: 500 Internal Server Error
  Plugin 'foradian' is not loaded
    /home/foradian/.rvm/gems/ruby-1.8.7-head/gems/activerecord-2.3.8/lib/active_record/connection_adapters/mysql_adapter.rb:619:in `real_connect'
    /home/foradian/.rvm/gems/ruby-1.8.7-head/gems/activerecord-2.3.8/lib/active_record/connection_adapters/mysql_adapter.rb:619:in `connect'
    /home/foradian/.rvm/gems/ruby-1.8.7-head/gems/activerecord-2.3.8/lib/active_record/connection_adapters/mysql_adapter.rb:203:in `initialize'
    /home/foradian/.rvm/gems/ruby-1.8.7-head/gems/activerecord-2.3.8/lib/active_record/connection_adapters/mysql_adapter.rb:75:in `new'
    /home/foradian/.rvm/gems/ruby-1.8.7-head/gems/activerecord-2.3.8/lib/active_record/connection_adapters/mysql_adapter.rb:75:in `mysql_connection'
    /home/foradian/.rvm/gems/ruby-1.8.7-head/gems/activerecord-2.3.8/lib/active_record/connection_adapters/abstract/connection_pool.rb:223:in `send'
    /home/foradian/.rvm/gems/ruby-1.8.7-head/gems/activerecord-2.3.8/lib/active_record/connection_adapters/abstract/connection_pool.rb:223:in `new_connection'
    /home/foradian/.rvm/gems/ruby-1.8.7-head/gems/activerecord-2.3.8/lib/active_record/connection_adapters/abstract/connection_pool.rb:245:in `checkout_new_connection'
    /home/foradian/.rvm/gems/ruby-1.8.7-head/gems/activerecord-2.3.8/lib/active_record/connection_adapters/abstract/connection_pool.rb:188:in `checkout'
    /home/foradian/.rvm/gems/ruby-1.8.7-head/gems/activerecord-2.3.8/lib/active_record/connection_adapters/abstract/connection_pool.rb:184:in `loop'
    /home/foradian/.rvm/gems/ruby-1.8.7-head/gems/activerecord-2.3.8/lib/active_record/connection_adapters/abstract/connection_pool.rb:184:in `checkout'
    /usr/share/rvm/rubies/ruby-1.8.7-head/lib/ruby/1.8/monitor.rb:242:in `synchronize'
    /home/foradian/.rvm/gems/ruby-1.8.7-head/gems/activerecord-2.3.8/lib/active_record/connection_adapters/abstract/connection_pool.rb:183:in `checkout'
    /home/foradian/.rvm/gems/ruby-1.8.7-head/gems/activerecord-2.3.8/lib/active_record/connection_adapters/abstract/connection_pool.rb:98:in `connection'
    /home/foradian/.rvm/gems/ruby-1.8.7-head/gems/activerecord-2.3.8/lib/active_record/connection_adapters/abstract/connection_pool.rb:326:in `retrieve_connection'
    /home/foradian/.rvm/gems/ruby-1.8.7-head/gems/activerecord-2.3.8/lib/active_record/connection_adapters/abstract/connection_specification.rb:123:in `retrieve_connection'
    /home/foradian/.rvm/gems/ruby-1.8.7-head/gems/activerecord-2.3.8/lib/active_record/connection_adapters/abstract/connection_specification.rb:115:in `connection'
    /home/foradian/.rvm/gems/ruby-1.8.7-head/gems/activerecord-2.3.8/lib/active_record/query_cache.rb:9:in `cache'
    /home/foradian/.rvm/gems/ruby-1.8.7-head/gems/activerecord-2.3.8/lib/active_record/query_cache.rb:28:in `call'
    /home/foradian/.rvm/gems/ruby-1.8.7-head/gems/activerecord-2.3.8/lib/active_record/connection_adapters/abstract/connection_pool.rb:361:in `call'
    /home/foradian/.rvm/gems/ruby-1.8.7-head/gems/actionpack-2.3.8/lib/action_controller/string_coercion.rb:25:in `call'
    /home/foradian/.rvm/gems/ruby-1.8.7-head/gems/rack-1.1.6/lib/rack/head.rb:9:in `call'
    /home/foradian/.rvm/gems/ruby-1.8.7-head/gems/rack-1.1.6/lib/rack/methodoverride.rb:24:in `call'
    /home/foradian/.rvm/gems/ruby-1.8.7-head/gems/actionpack-2.3.8/lib/action_controller/params_parser.rb:15:in `call'
    /home/foradian/.rvm/gems/ruby-1.8.7-head/gems/actionpack-2.3.8/lib/action_controller/session/cookie_store.rb:99:in `call'
    /home/foradian/.rvm/gems/ruby-1.8.7-head/gems/actionpack-2.3.8/lib/action_controller/failsafe.rb:26:in `call'
    /home/foradian/.rvm/gems/ruby-1.8.7-head/gems/rack-1.1.6/lib/rack/lock.rb:11:in `call'
    /home/foradian/.rvm/gems/ruby-1.8.7-head/gems/rack-1.1.6/lib/rack/lock.rb:11:in `synchronize'
    /home/foradian/.rvm/gems/ruby-1.8.7-head/gems/rack-1.1.6/lib/rack/lock.rb:11:in `call'
    /home/foradian/.rvm/gems/ruby-1.8.7-head/gems/actionpack-2.3.8/lib/action_controller/dispatcher.rb:106:in `call'
    /home/foradian/.rvm/gems/ruby-1.8.7-head/gems/rails-2.3.8/lib/rails/rack/static.rb:31:in `call'
    /home/foradian/.rvm/gems/ruby-1.8.7-head/gems/rack-1.1.6/lib/rack/urlmap.rb:47:in `call'
    /home/foradian/.rvm/gems/ruby-1.8.7-head/gems/rack-1.1.6/lib/rack/urlmap.rb:41:in `each'
    /home/foradian/.rvm/gems/ruby-1.8.7-head/gems/rack-1.1.6/lib/rack/urlmap.rb:41:in `call'
    /home/foradian/.rvm/gems/ruby-1.8.7-head/gems/rails-2.3.8/lib/rails/rack/log_tailer.rb:17:in `call'
    /home/foradian/.rvm/gems/ruby-1.8.7-head/gems/rack-1.1.6/lib/rack/content_length.rb:13:in `call'
    /home/foradian/.rvm/gems/ruby-1.8.7-head/gems/rack-1.1.6/lib/rack/handler/webrick.rb:48:in `service'
    /usr/share/rvm/rubies/ruby-1.8.7-head/lib/ruby/1.8/webrick/httpserver.rb:104:in `service'
    /usr/share/rvm/rubies/ruby-1.8.7-head/lib/ruby/1.8/webrick/httpserver.rb:65:in `run'
    /usr/share/rvm/rubies/ruby-1.8.7-head/lib/ruby/1.8/webrick/server.rb:173:in `start_thread'
    /usr/share/rvm/rubies/ruby-1.8.7-head/lib/ruby/1.8/webrick/server.rb:162:in `start'
    /usr/share/rvm/rubies/ruby-1.8.7-head/lib/ruby/1.8/webrick/server.rb:162:in `start_thread'
    /usr/share/rvm/rubies/ruby-1.8.7-head/lib/ruby/1.8/webrick/server.rb:95:in `start'
    /usr/share/rvm/rubies/ruby-1.8.7-head/lib/ruby/1.8/webrick/server.rb:92:in `each'
    /usr/share/rvm/rubies/ruby-1.8.7-head/lib/ruby/1.8/webrick/server.rb:92:in `start'
    /usr/share/rvm/rubies/ruby-1.8.7-head/lib/ruby/1.8/webrick/server.rb:23:in `start'
    /usr/share/rvm/rubies/ruby-1.8.7-head/lib/ruby/1.8/webrick/server.rb:82:in `start'
    /home/foradian/.rvm/gems/ruby-1.8.7-head/gems/rack-1.1.6/lib/rack/handler/webrick.rb:14:in `run'
    /home/foradian/.rvm/gems/ruby-1.8.7-head/gems/rails-2.3.8/lib/commands/server.rb:111
    /usr/share/rvm/rubies/ruby-1.8.7-head/lib/ruby/site_ruby/1.8/rubygems/custom_require.rb:31:in `gem_original_require'
    /usr/share/rvm/rubies/ruby-1.8.7-head/lib/ruby/site_ruby/1.8/rubygems/custom_require.rb:31:in `require'
    script/server:3
/!\ FAILSAFE /!\  Tue Jan 22 18:39:58 +0530 2019
  Status: 500 Internal Server Error
  Plugin 'foradian' is not loaded
    /home/foradian/.rvm/gems/ruby-1.8.7-head/gems/activerecord-2.3.8/lib/active_record/connection_adapters/mysql_adapter.rb:619:in `real_connect'
    /home/foradian/.rvm/gems/ruby-1.8.7-head/gems/activerecord-2.3.8/lib/active_record/connection_adapters/mysql_adapter.rb:619:in `connect'
    /home/foradian/.rvm/gems/ruby-1.8.7-head/gems/activerecord-2.3.8/lib/active_record/connection_adapters/mysql_adapter.rb:203:in `initialize'
    /home/foradian/.rvm/gems/ruby-1.8.7-head/gems/activerecord-2.3.8/lib/active_record/connection_adapters/mysql_adapter.rb:75:in `new'
    /home/foradian/.rvm/gems/ruby-1.8.7-head/gems/activerecord-2.3.8/lib/active_record/connection_adapters/mysql_adapter.rb:75:in `mysql_connection'
    /home/foradian/.rvm/gems/ruby-1.8.7-head/gems/activerecord-2.3.8/lib/active_record/connection_adapters/abstract/connection_pool.rb:223:in `send'
    /home/foradian/.rvm/gems/ruby-1.8.7-head/gems/activerecord-2.3.8/lib/active_record/connection_adapters/abstract/connection_pool.rb:223:in `new_connection'
    /home/foradian/.rvm/gems/ruby-1.8.7-head/gems/activerecord-2.3.8/lib/active_record/connection_adapters/abstract/connection_pool.rb:245:in `checkout_new_connection'
    /home/foradian/.rvm/gems/ruby-1.8.7-head/gems/activerecord-2.3.8/lib/active_record/connection_adapters/abstract/connection_pool.rb:188:in `checkout'
    /home/foradian/.rvm/gems/ruby-1.8.7-head/gems/activerecord-2.3.8/lib/active_record/connection_adapters/abstract/connection_pool.rb:184:in `loop'
    /home/foradian/.rvm/gems/ruby-1.8.7-head/gems/activerecord-2.3.8/lib/active_record/connection_adapters/abstract/connection_pool.rb:184:in `checkout'
    /usr/share/rvm/rubies/ruby-1.8.7-head/lib/ruby/1.8/monitor.rb:242:in `synchronize'
    /home/foradian/.rvm/gems/ruby-1.8.7-head/gems/activerecord-2.3.8/lib/active_record/connection_adapters/abstract/connection_pool.rb:183:in `checkout'
    /home/foradian/.rvm/gems/ruby-1.8.7-head/gems/activerecord-2.3.8/lib/active_record/connection_adapters/abstract/connection_pool.rb:98:in `connection'
    /home/foradian/.rvm/gems/ruby-1.8.7-head/gems/activerecord-2.3.8/lib/active_record/connection_adapters/abstract/connection_pool.rb:326:in `retrieve_connection'
    /home/foradian/.rvm/gems/ruby-1.8.7-head/gems/activerecord-2.3.8/lib/active_record/connection_adapters/abstract/connection_specification.rb:123:in `retrieve_connection'
    /home/foradian/.rvm/gems/ruby-1.8.7-head/gems/activerecord-2.3.8/lib/active_record/connection_adapters/abstract/connection_specification.rb:115:in `connection'
    /home/foradian/.rvm/gems/ruby-1.8.7-head/gems/activerecord-2.3.8/lib/active_record/query_cache.rb:9:in `cache'
    /home/foradian/.rvm/gems/ruby-1.8.7-head/gems/activerecord-2.3.8/lib/active_record/query_cache.rb:28:in `call'
    /home/foradian/.rvm/gems/ruby-1.8.7-head/gems/activerecord-2.3.8/lib/active_record/connection_adapters/abstract/connection_pool.rb:361:in `call'
    /home/foradian/.rvm/gems/ruby-1.8.7-head/gems/actionpack-2.3.8/lib/action_controller/string_coercion.rb:25:in `call'
    /home/foradian/.rvm/gems/ruby-1.8.7-head/gems/rack-1.1.6/lib/rack/head.rb:9:in `call'
    /home/foradian/.rvm/gems/ruby-1.8.7-head/gems/rack-1.1.6/lib/rack/methodoverride.rb:24:in `call'
    /home/foradian/.rvm/gems/ruby-1.8.7-head/gems/actionpack-2.3.8/lib/action_controller/params_parser.rb:15:in `call'
    /home/foradian/.rvm/gems/ruby-1.8.7-head/gems/actionpack-2.3.8/lib/action_controller/session/cookie_store.rb:99:in `call'
    /home/foradian/.rvm/gems/ruby-1.8.7-head/gems/actionpack-2.3.8/lib/action_controller/failsafe.rb:26:in `call'
    /home/foradian/.rvm/gems/ruby-1.8.7-head/gems/rack-1.1.6/lib/rack/lock.rb:11:in `call'
    /home/foradian/.rvm/gems/ruby-1.8.7-head/gems/rack-1.1.6/lib/rack/lock.rb:11:in `synchronize'
    /home/foradian/.rvm/gems/ruby-1.8.7-head/gems/rack-1.1.6/lib/rack/lock.rb:11:in `call'
    /home/foradian/.rvm/gems/ruby-1.8.7-head/gems/actionpack-2.3.8/lib/action_controller/dispatcher.rb:106:in `call'
    /home/foradian/.rvm/gems/ruby-1.8.7-head/gems/rails-2.3.8/lib/rails/rack/static.rb:31:in `call'
    /home/foradian/.rvm/gems/ruby-1.8.7-head/gems/rack-1.1.6/lib/rack/urlmap.rb:47:in `call'
    /home/foradian/.rvm/gems/ruby-1.8.7-head/gems/rack-1.1.6/lib/rack/urlmap.rb:41:in `each'
    /home/foradian/.rvm/gems/ruby-1.8.7-head/gems/rack-1.1.6/lib/rack/urlmap.rb:41:in `call'
    /home/foradian/.rvm/gems/ruby-1.8.7-head/gems/rails-2.3.8/lib/rails/rack/log_tailer.rb:17:in `call'
    /home/foradian/.rvm/gems/ruby-1.8.7-head/gems/rack-1.1.6/lib/rack/content_length.rb:13:in `call'
    /home/foradian/.rvm/gems/ruby-1.8.7-head/gems/rack-1.1.6/lib/rack/handler/webrick.rb:48:in `service'
    /usr/share/rvm/rubies/ruby-1.8.7-head/lib/ruby/1.8/webrick/httpserver.rb:104:in `service'
    /usr/share/rvm/rubies/ruby-1.8.7-head/lib/ruby/1.8/webrick/httpserver.rb:65:in `run'
    /usr/share/rvm/rubies/ruby-1.8.7-head/lib/ruby/1.8/webrick/server.rb:173:in `start_thread'
    /usr/share/rvm/rubies/ruby-1.8.7-head/lib/ruby/1.8/webrick/server.rb:162:in `start'
    /usr/share/rvm/rubies/ruby-1.8.7-head/lib/ruby/1.8/webrick/server.rb:162:in `start_thread'
    /usr/share/rvm/rubies/ruby-1.8.7-head/lib/ruby/1.8/webrick/server.rb:95:in `start'
    /usr/share/rvm/rubies/ruby-1.8.7-head/lib/ruby/1.8/webrick/server.rb:92:in `each'
    /usr/share/rvm/rubies/ruby-1.8.7-head/lib/ruby/1.8/webrick/server.rb:92:in `start'
    /usr/share/rvm/rubies/ruby-1.8.7-head/lib/ruby/1.8/webrick/server.rb:23:in `start'
    /usr/share/rvm/rubies/ruby-1.8.7-head/lib/ruby/1.8/webrick/server.rb:82:in `start'
    /home/foradian/.rvm/gems/ruby-1.8.7-head/gems/rack-1.1.6/lib/rack/handler/webrick.rb:14:in `run'
    /home/foradian/.rvm/gems/ruby-1.8.7-head/gems/rails-2.3.8/lib/commands/server.rb:111
    /usr/share/rvm/rubies/ruby-1.8.7-head/lib/ruby/site_ruby/1.8/rubygems/custom_require.rb:31:in `gem_original_require'
    /usr/share/rvm/rubies/ruby-1.8.7-head/lib/ruby/site_ruby/1.8/rubygems/custom_require.rb:31:in `require'
    script/server:3
/!\ FAILSAFE /!\  Tue Jan 22 18:40:04 +0530 2019
  Status: 500 Internal Server Error
  Plugin 'foradian' is not loaded
    /home/foradian/.rvm/gems/ruby-1.8.7-head/gems/activerecord-2.3.8/lib/active_record/connection_adapters/mysql_adapter.rb:619:in `real_connect'
    /home/foradian/.rvm/gems/ruby-1.8.7-head/gems/activerecord-2.3.8/lib/active_record/connection_adapters/mysql_adapter.rb:619:in `connect'
    /home/foradian/.rvm/gems/ruby-1.8.7-head/gems/activerecord-2.3.8/lib/active_record/connection_adapters/mysql_adapter.rb:203:in `initialize'
    /home/foradian/.rvm/gems/ruby-1.8.7-head/gems/activerecord-2.3.8/lib/active_record/connection_adapters/mysql_adapter.rb:75:in `new'
    /home/foradian/.rvm/gems/ruby-1.8.7-head/gems/activerecord-2.3.8/lib/active_record/connection_adapters/mysql_adapter.rb:75:in `mysql_connection'
    /home/foradian/.rvm/gems/ruby-1.8.7-head/gems/activerecord-2.3.8/lib/active_record/connection_adapters/abstract/connection_pool.rb:223:in `send'
    /home/foradian/.rvm/gems/ruby-1.8.7-head/gems/activerecord-2.3.8/lib/active_record/connection_adapters/abstract/connection_pool.rb:223:in `new_connection'
    /home/foradian/.rvm/gems/ruby-1.8.7-head/gems/activerecord-2.3.8/lib/active_record/connection_adapters/abstract/connection_pool.rb:245:in `checkout_new_connection'
    /home/foradian/.rvm/gems/ruby-1.8.7-head/gems/activerecord-2.3.8/lib/active_record/connection_adapters/abstract/connection_pool.rb:188:in `checkout'
    /home/foradian/.rvm/gems/ruby-1.8.7-head/gems/activerecord-2.3.8/lib/active_record/connection_adapters/abstract/connection_pool.rb:184:in `loop'
    /home/foradian/.rvm/gems/ruby-1.8.7-head/gems/activerecord-2.3.8/lib/active_record/connection_adapters/abstract/connection_pool.rb:184:in `checkout'
    /usr/share/rvm/rubies/ruby-1.8.7-head/lib/ruby/1.8/monitor.rb:242:in `synchronize'
    /home/foradian/.rvm/gems/ruby-1.8.7-head/gems/activerecord-2.3.8/lib/active_record/connection_adapters/abstract/connection_pool.rb:183:in `checkout'
    /home/foradian/.rvm/gems/ruby-1.8.7-head/gems/activerecord-2.3.8/lib/active_record/connection_adapters/abstract/connection_pool.rb:98:in `connection'
    /home/foradian/.rvm/gems/ruby-1.8.7-head/gems/activerecord-2.3.8/lib/active_record/connection_adapters/abstract/connection_pool.rb:326:in `retrieve_connection'
    /home/foradian/.rvm/gems/ruby-1.8.7-head/gems/activerecord-2.3.8/lib/active_record/connection_adapters/abstract/connection_specification.rb:123:in `retrieve_connection'
    /home/foradian/.rvm/gems/ruby-1.8.7-head/gems/activerecord-2.3.8/lib/active_record/connection_adapters/abstract/connection_specification.rb:115:in `connection'
    /home/foradian/.rvm/gems/ruby-1.8.7-head/gems/activerecord-2.3.8/lib/active_record/query_cache.rb:9:in `cache'
    /home/foradian/.rvm/gems/ruby-1.8.7-head/gems/activerecord-2.3.8/lib/active_record/query_cache.rb:28:in `call'
    /home/foradian/.rvm/gems/ruby-1.8.7-head/gems/activerecord-2.3.8/lib/active_record/connection_adapters/abstract/connection_pool.rb:361:in `call'
    /home/foradian/.rvm/gems/ruby-1.8.7-head/gems/actionpack-2.3.8/lib/action_controller/string_coercion.rb:25:in `call'
    /home/foradian/.rvm/gems/ruby-1.8.7-head/gems/rack-1.1.6/lib/rack/head.rb:9:in `call'
    /home/foradian/.rvm/gems/ruby-1.8.7-head/gems/rack-1.1.6/lib/rack/methodoverride.rb:24:in `call'
    /home/foradian/.rvm/gems/ruby-1.8.7-head/gems/actionpack-2.3.8/lib/action_controller/params_parser.rb:15:in `call'
    /home/foradian/.rvm/gems/ruby-1.8.7-head/gems/actionpack-2.3.8/lib/action_controller/session/cookie_store.rb:99:in `call'
    /home/foradian/.rvm/gems/ruby-1.8.7-head/gems/actionpack-2.3.8/lib/action_controller/failsafe.rb:26:in `call'
    /home/foradian/.rvm/gems/ruby-1.8.7-head/gems/rack-1.1.6/lib/rack/lock.rb:11:in `call'
    /home/foradian/.rvm/gems/ruby-1.8.7-head/gems/rack-1.1.6/lib/rack/lock.rb:11:in `synchronize'
    /home/foradian/.rvm/gems/ruby-1.8.7-head/gems/rack-1.1.6/lib/rack/lock.rb:11:in `call'
    /home/foradian/.rvm/gems/ruby-1.8.7-head/gems/actionpack-2.3.8/lib/action_controller/dispatcher.rb:106:in `call'
    /home/foradian/.rvm/gems/ruby-1.8.7-head/gems/rails-2.3.8/lib/rails/rack/static.rb:31:in `call'
    /home/foradian/.rvm/gems/ruby-1.8.7-head/gems/rack-1.1.6/lib/rack/urlmap.rb:47:in `call'
    /home/foradian/.rvm/gems/ruby-1.8.7-head/gems/rack-1.1.6/lib/rack/urlmap.rb:41:in `each'
    /home/foradian/.rvm/gems/ruby-1.8.7-head/gems/rack-1.1.6/lib/rack/urlmap.rb:41:in `call'
    /home/foradian/.rvm/gems/ruby-1.8.7-head/gems/rails-2.3.8/lib/rails/rack/log_tailer.rb:17:in `call'
    /home/foradian/.rvm/gems/ruby-1.8.7-head/gems/rack-1.1.6/lib/rack/content_length.rb:13:in `call'
    /home/foradian/.rvm/gems/ruby-1.8.7-head/gems/rack-1.1.6/lib/rack/handler/webrick.rb:48:in `service'
    /usr/share/rvm/rubies/ruby-1.8.7-head/lib/ruby/1.8/webrick/httpserver.rb:104:in `service'
    /usr/share/rvm/rubies/ruby-1.8.7-head/lib/ruby/1.8/webrick/httpserver.rb:65:in `run'
    /usr/share/rvm/rubies/ruby-1.8.7-head/lib/ruby/1.8/webrick/server.rb:173:in `start_thread'
    /usr/share/rvm/rubies/ruby-1.8.7-head/lib/ruby/1.8/webrick/server.rb:162:in `start'
    /usr/share/rvm/rubies/ruby-1.8.7-head/lib/ruby/1.8/webrick/server.rb:162:in `start_thread'
    /usr/share/rvm/rubies/ruby-1.8.7-head/lib/ruby/1.8/webrick/server.rb:95:in `start'
    /usr/share/rvm/rubies/ruby-1.8.7-head/lib/ruby/1.8/webrick/server.rb:92:in `each'
    /usr/share/rvm/rubies/ruby-1.8.7-head/lib/ruby/1.8/webrick/server.rb:92:in `start'
    /usr/share/rvm/rubies/ruby-1.8.7-head/lib/ruby/1.8/webrick/server.rb:23:in `start'
    /usr/share/rvm/rubies/ruby-1.8.7-head/lib/ruby/1.8/webrick/server.rb:82:in `start'
    /home/foradian/.rvm/gems/ruby-1.8.7-head/gems/rack-1.1.6/lib/rack/handler/webrick.rb:14:in `run'
    /home/foradian/.rvm/gems/ruby-1.8.7-head/gems/rails-2.3.8/lib/commands/server.rb:111
    /usr/share/rvm/rubies/ruby-1.8.7-head/lib/ruby/site_ruby/1.8/rubygems/custom_require.rb:31:in `gem_original_require'
    /usr/share/rvm/rubies/ruby-1.8.7-head/lib/ruby/site_ruby/1.8/rubygems/custom_require.rb:31:in `require'
    script/server:3
/!\ FAILSAFE /!\  Tue Jan 22 18:40:07 +0530 2019
  Status: 500 Internal Server Error
  Plugin 'foradian' is not loaded
    /home/foradian/.rvm/gems/ruby-1.8.7-head/gems/activerecord-2.3.8/lib/active_record/connection_adapters/mysql_adapter.rb:619:in `real_connect'
    /home/foradian/.rvm/gems/ruby-1.8.7-head/gems/activerecord-2.3.8/lib/active_record/connection_adapters/mysql_adapter.rb:619:in `connect'
    /home/foradian/.rvm/gems/ruby-1.8.7-head/gems/activerecord-2.3.8/lib/active_record/connection_adapters/mysql_adapter.rb:203:in `initialize'
    /home/foradian/.rvm/gems/ruby-1.8.7-head/gems/activerecord-2.3.8/lib/active_record/connection_adapters/mysql_adapter.rb:75:in `new'
    /home/foradian/.rvm/gems/ruby-1.8.7-head/gems/activerecord-2.3.8/lib/active_record/connection_adapters/mysql_adapter.rb:75:in `mysql_connection'
    /home/foradian/.rvm/gems/ruby-1.8.7-head/gems/activerecord-2.3.8/lib/active_record/connection_adapters/abstract/connection_pool.rb:223:in `send'
    /home/foradian/.rvm/gems/ruby-1.8.7-head/gems/activerecord-2.3.8/lib/active_record/connection_adapters/abstract/connection_pool.rb:223:in `new_connection'
    /home/foradian/.rvm/gems/ruby-1.8.7-head/gems/activerecord-2.3.8/lib/active_record/connection_adapters/abstract/connection_pool.rb:245:in `checkout_new_connection'
    /home/foradian/.rvm/gems/ruby-1.8.7-head/gems/activerecord-2.3.8/lib/active_record/connection_adapters/abstract/connection_pool.rb:188:in `checkout'
    /home/foradian/.rvm/gems/ruby-1.8.7-head/gems/activerecord-2.3.8/lib/active_record/connection_adapters/abstract/connection_pool.rb:184:in `loop'
    /home/foradian/.rvm/gems/ruby-1.8.7-head/gems/activerecord-2.3.8/lib/active_record/connection_adapters/abstract/connection_pool.rb:184:in `checkout'
    /usr/share/rvm/rubies/ruby-1.8.7-head/lib/ruby/1.8/monitor.rb:242:in `synchronize'
    /home/foradian/.rvm/gems/ruby-1.8.7-head/gems/activerecord-2.3.8/lib/active_record/connection_adapters/abstract/connection_pool.rb:183:in `checkout'
    /home/foradian/.rvm/gems/ruby-1.8.7-head/gems/activerecord-2.3.8/lib/active_record/connection_adapters/abstract/connection_pool.rb:98:in `connection'
    /home/foradian/.rvm/gems/ruby-1.8.7-head/gems/activerecord-2.3.8/lib/active_record/connection_adapters/abstract/connection_pool.rb:326:in `retrieve_connection'
    /home/foradian/.rvm/gems/ruby-1.8.7-head/gems/activerecord-2.3.8/lib/active_record/connection_adapters/abstract/connection_specification.rb:123:in `retrieve_connection'
    /home/foradian/.rvm/gems/ruby-1.8.7-head/gems/activerecord-2.3.8/lib/active_record/connection_adapters/abstract/connection_specification.rb:115:in `connection'
    /home/foradian/.rvm/gems/ruby-1.8.7-head/gems/activerecord-2.3.8/lib/active_record/query_cache.rb:9:in `cache'
    /home/foradian/.rvm/gems/ruby-1.8.7-head/gems/activerecord-2.3.8/lib/active_record/query_cache.rb:28:in `call'
    /home/foradian/.rvm/gems/ruby-1.8.7-head/gems/activerecord-2.3.8/lib/active_record/connection_adapters/abstract/connection_pool.rb:361:in `call'
    /home/foradian/.rvm/gems/ruby-1.8.7-head/gems/actionpack-2.3.8/lib/action_controller/string_coercion.rb:25:in `call'
    /home/foradian/.rvm/gems/ruby-1.8.7-head/gems/rack-1.1.6/lib/rack/head.rb:9:in `call'
    /home/foradian/.rvm/gems/ruby-1.8.7-head/gems/rack-1.1.6/lib/rack/methodoverride.rb:24:in `call'
    /home/foradian/.rvm/gems/ruby-1.8.7-head/gems/actionpack-2.3.8/lib/action_controller/params_parser.rb:15:in `call'
    /home/foradian/.rvm/gems/ruby-1.8.7-head/gems/actionpack-2.3.8/lib/action_controller/session/cookie_store.rb:99:in `call'
    /home/foradian/.rvm/gems/ruby-1.8.7-head/gems/actionpack-2.3.8/lib/action_controller/failsafe.rb:26:in `call'
    /home/foradian/.rvm/gems/ruby-1.8.7-head/gems/rack-1.1.6/lib/rack/lock.rb:11:in `call'
    /home/foradian/.rvm/gems/ruby-1.8.7-head/gems/rack-1.1.6/lib/rack/lock.rb:11:in `synchronize'
    /home/foradian/.rvm/gems/ruby-1.8.7-head/gems/rack-1.1.6/lib/rack/lock.rb:11:in `call'
    /home/foradian/.rvm/gems/ruby-1.8.7-head/gems/actionpack-2.3.8/lib/action_controller/dispatcher.rb:106:in `call'
    /home/foradian/.rvm/gems/ruby-1.8.7-head/gems/rails-2.3.8/lib/rails/rack/static.rb:31:in `call'
    /home/foradian/.rvm/gems/ruby-1.8.7-head/gems/rack-1.1.6/lib/rack/urlmap.rb:47:in `call'
    /home/foradian/.rvm/gems/ruby-1.8.7-head/gems/rack-1.1.6/lib/rack/urlmap.rb:41:in `each'
    /home/foradian/.rvm/gems/ruby-1.8.7-head/gems/rack-1.1.6/lib/rack/urlmap.rb:41:in `call'
    /home/foradian/.rvm/gems/ruby-1.8.7-head/gems/rails-2.3.8/lib/rails/rack/log_tailer.rb:17:in `call'
    /home/foradian/.rvm/gems/ruby-1.8.7-head/gems/rack-1.1.6/lib/rack/content_length.rb:13:in `call'
    /home/foradian/.rvm/gems/ruby-1.8.7-head/gems/rack-1.1.6/lib/rack/handler/webrick.rb:48:in `service'
    /usr/share/rvm/rubies/ruby-1.8.7-head/lib/ruby/1.8/webrick/httpserver.rb:104:in `service'
    /usr/share/rvm/rubies/ruby-1.8.7-head/lib/ruby/1.8/webrick/httpserver.rb:65:in `run'
    /usr/share/rvm/rubies/ruby-1.8.7-head/lib/ruby/1.8/webrick/server.rb:173:in `start_thread'
    /usr/share/rvm/rubies/ruby-1.8.7-head/lib/ruby/1.8/webrick/server.rb:162:in `start'
    /usr/share/rvm/rubies/ruby-1.8.7-head/lib/ruby/1.8/webrick/server.rb:162:in `start_thread'
    /usr/share/rvm/rubies/ruby-1.8.7-head/lib/ruby/1.8/webrick/server.rb:95:in `start'
    /usr/share/rvm/rubies/ruby-1.8.7-head/lib/ruby/1.8/webrick/server.rb:92:in `each'
    /usr/share/rvm/rubies/ruby-1.8.7-head/lib/ruby/1.8/webrick/server.rb:92:in `start'
    /usr/share/rvm/rubies/ruby-1.8.7-head/lib/ruby/1.8/webrick/server.rb:23:in `start'
    /usr/share/rvm/rubies/ruby-1.8.7-head/lib/ruby/1.8/webrick/server.rb:82:in `start'
    /home/foradian/.rvm/gems/ruby-1.8.7-head/gems/rack-1.1.6/lib/rack/handler/webrick.rb:14:in `run'
    /home/foradian/.rvm/gems/ruby-1.8.7-head/gems/rails-2.3.8/lib/commands/server.rb:111
    /usr/share/rvm/rubies/ruby-1.8.7-head/lib/ruby/site_ruby/1.8/rubygems/custom_require.rb:31:in `gem_original_require'
    /usr/share/rvm/rubies/ruby-1.8.7-head/lib/ruby/site_ruby/1.8/rubygems/custom_require.rb:31:in `require'
    script/server:3
